| time |reset|ARegister|DRegister|RAM64[16]|RAM64[17]|RAM64[18]|
| 0    |  0  |       0 |       0 |       0 |       0 |     100 |
| 1    |  0  |      16 |       0 |       0 |       0 |     100 |
| 2    |  0  |      16 |       0 |       1 |       0 |     100 |
| 3    |  0  |      17 |       0 |       1 |       0 |     100 |
| 4    |  0  |      17 |       0 |       1 |       0 |     100 |
| 5    |  0  |      16 |       0 |       1 |       0 |     100 |
| 6    |  0  |      16 |       1 |       1 |       0 |     100 |
| 7    |  0  |      18 |       1 |       1 |       0 |     100 |
| 8    |  0  |      18 |     -99 |       1 |       0 |     100 |
| 9    |  0  |      18 |     -99 |       1 |       0 |     100 |
| 10   |  0  |      18 |     -99 |       1 |       0 |     100 |
| 11   |  0  |      16 |     -99 |       1 |       0 |     100 |
| 12   |  0  |      16 |       1 |       1 |       0 |     100 |
| 13   |  0  |      17 |       1 |       1 |       0 |     100 |
| 14   |  0  |      17 |       1 |       1 |       1 |     100 |
| 15   |  0  |      16 |       1 |       1 |       1 |     100 |
| 16   |  0  |      16 |       1 |       2 |       1 |     100 |
| 17   |  0  |       4 |       1 |       2 |       1 |     100 |
| 18   |  0  |       4 |       1 |       2 |       1 |     100 |
| 19   |  0  |      16 |       1 |       2 |       1 |     100 |
| 20   |  0  |      16 |       2 |       2 |       1 |     100 |
| 21   |  0  |      18 |       2 |       2 |       1 |     100 |
| 22   |  0  |      18 |     -98 |       2 |       1 |     100 |
| 23   |  0  |      18 |     -98 |       2 |       1 |     100 |
| 24   |  0  |      18 |     -98 |       2 |       1 |     100 |
| 25   |  0  |      16 |     -98 |       2 |       1 |     100 |
| 26   |  0  |      16 |       2 |       2 |       1 |     100 |
| 27   |  0  |      17 |       2 |       2 |       1 |     100 |
| 28   |  0  |      17 |       2 |       2 |       3 |     100 |
| 29   |  0  |      16 |       2 |       2 |       3 |     100 |
| 30   |  0  |      16 |       2 |       3 |       3 |     100 |
| 31   |  0  |       4 |       2 |       3 |       3 |     100 |
| 32   |  0  |       4 |       2 |       3 |       3 |     100 |
| 33   |  0  |      16 |       2 |       3 |       3 |     100 |
| 34   |  0  |      16 |       3 |       3 |       3 |     100 |
| 35   |  0  |      18 |       3 |       3 |       3 |     100 |
| 36   |  0  |      18 |     -97 |       3 |       3 |     100 |
| 37   |  0  |      18 |     -97 |       3 |       3 |     100 |
| 38   |  0  |      18 |     -97 |       3 |       3 |     100 |
| 39   |  0  |      16 |     -97 |       3 |       3 |     100 |
| 40   |  0  |      16 |       3 |       3 |       3 |     100 |
| 41   |  0  |      17 |       3 |       3 |       3 |     100 |
| 42   |  0  |      17 |       3 |       3 |       6 |     100 |
| 43   |  0  |      16 |       3 |       3 |       6 |     100 |
| 44   |  0  |      16 |       3 |       4 |       6 |     100 |
| 45   |  0  |       4 |       3 |       4 |       6 |     100 |
| 46   |  0  |       4 |       3 |       4 |       6 |     100 |
| 47   |  0  |      16 |       3 |       4 |       6 |     100 |
| 48   |  0  |      16 |       4 |       4 |       6 |     100 |
| 49   |  0  |      18 |       4 |       4 |       6 |     100 |
| 50   |  0  |      18 |     -96 |       4 |       6 |     100 |
| 51   |  0  |      18 |     -96 |       4 |       6 |     100 |
| 52   |  0  |      18 |     -96 |       4 |       6 |     100 |
| 53   |  0  |      16 |     -96 |       4 |       6 |     100 |
| 54   |  0  |      16 |       4 |       4 |       6 |     100 |
| 55   |  0  |      17 |       4 |       4 |       6 |     100 |
| 56   |  0  |      17 |       4 |       4 |      10 |     100 |
| 57   |  0  |      16 |       4 |       4 |      10 |     100 |
| 58   |  0  |      16 |       4 |       5 |      10 |     100 |
| 59   |  0  |       4 |       4 |       5 |      10 |     100 |
| 60   |  0  |       4 |       4 |       5 |      10 |     100 |
| 61   |  0  |      16 |       4 |       5 |      10 |     100 |
| 62   |  0  |      16 |       5 |       5 |      10 |     100 |
| 63   |  0  |      18 |       5 |       5 |      10 |     100 |
| 64   |  0  |      18 |     -95 |       5 |      10 |     100 |
| 65   |  0  |      18 |     -95 |       5 |      10 |     100 |
| 66   |  0  |      18 |     -95 |       5 |      10 |     100 |
| 67   |  0  |      16 |     -95 |       5 |      10 |     100 |
| 68   |  0  |      16 |       5 |       5 |      10 |     100 |
| 69   |  0  |      17 |       5 |       5 |      10 |     100 |
| 70   |  0  |      17 |       5 |       5 |      15 |     100 |
| 71   |  0  |      16 |       5 |       5 |      15 |     100 |
| 72   |  0  |      16 |       5 |       6 |      15 |     100 |
| 73   |  0  |       4 |       5 |       6 |      15 |     100 |
| 74   |  0  |       4 |       5 |       6 |      15 |     100 |
| 75   |  0  |      16 |       5 |       6 |      15 |     100 |
| 76   |  0  |      16 |       6 |       6 |      15 |     100 |
| 77   |  0  |      18 |       6 |       6 |      15 |     100 |
| 78   |  0  |      18 |     -94 |       6 |      15 |     100 |
| 79   |  0  |      18 |     -94 |       6 |      15 |     100 |
| 80   |  0  |      18 |     -94 |       6 |      15 |     100 |
| 81   |  0  |      16 |     -94 |       6 |      15 |     100 |
| 82   |  0  |      16 |       6 |       6 |      15 |     100 |
| 83   |  0  |      17 |       6 |       6 |      15 |     100 |
| 84   |  0  |      17 |       6 |       6 |      21 |     100 |
| 85   |  0  |      16 |       6 |       6 |      21 |     100 |
| 86   |  0  |      16 |       6 |       7 |      21 |     100 |
| 87   |  0  |       4 |       6 |       7 |      21 |     100 |
| 88   |  0  |       4 |       6 |       7 |      21 |     100 |
| 89   |  0  |      16 |       6 |       7 |      21 |     100 |
| 90   |  0  |      16 |       7 |       7 |      21 |     100 |
| 91   |  0  |      18 |       7 |       7 |      21 |     100 |
| 92   |  0  |      18 |     -93 |       7 |      21 |     100 |
| 93   |  0  |      18 |     -93 |       7 |      21 |     100 |
| 94   |  0  |      18 |     -93 |       7 |      21 |     100 |
| 95   |  0  |      16 |     -93 |       7 |      21 |     100 |
| 96   |  0  |      16 |       7 |       7 |      21 |     100 |
| 97   |  0  |      17 |       7 |       7 |      21 |     100 |
| 98   |  0  |      17 |       7 |       7 |      28 |     100 |
| 99   |  0  |      16 |       7 |       7 |      28 |     100 |
| 100  |  0  |      16 |       7 |       8 |      28 |     100 |
| 101  |  0  |       4 |       7 |       8 |      28 |     100 |
| 102  |  0  |       4 |       7 |       8 |      28 |     100 |
| 103  |  0  |      16 |       7 |       8 |      28 |     100 |
| 104  |  0  |      16 |       8 |       8 |      28 |     100 |
| 105  |  0  |      18 |       8 |       8 |      28 |     100 |
| 106  |  0  |      18 |     -92 |       8 |      28 |     100 |
| 107  |  0  |      18 |     -92 |       8 |      28 |     100 |
| 108  |  0  |      18 |     -92 |       8 |      28 |     100 |
| 109  |  0  |      16 |     -92 |       8 |      28 |     100 |
| 110  |  0  |      16 |       8 |       8 |      28 |     100 |
| 111  |  0  |      17 |       8 |       8 |      28 |     100 |
| 112  |  0  |      17 |       8 |       8 |      36 |     100 |
| 113  |  0  |      16 |       8 |       8 |      36 |     100 |
| 114  |  0  |      16 |       8 |       9 |      36 |     100 |
| 115  |  0  |       4 |       8 |       9 |      36 |     100 |
| 116  |  0  |       4 |       8 |       9 |      36 |     100 |
| 117  |  0  |      16 |       8 |       9 |      36 |     100 |
| 118  |  0  |      16 |       9 |       9 |      36 |     100 |
| 119  |  0  |      18 |       9 |       9 |      36 |     100 |
| 120  |  0  |      18 |     -91 |       9 |      36 |     100 |
| 121  |  0  |      18 |     -91 |       9 |      36 |     100 |
| 122  |  0  |      18 |     -91 |       9 |      36 |     100 |
| 123  |  0  |      16 |     -91 |       9 |      36 |     100 |
| 124  |  0  |      16 |       9 |       9 |      36 |     100 |
| 125  |  0  |      17 |       9 |       9 |      36 |     100 |
| 126  |  0  |      17 |       9 |       9 |      45 |     100 |
| 127  |  0  |      16 |       9 |       9 |      45 |     100 |
| 128  |  0  |      16 |       9 |      10 |      45 |     100 |
| 129  |  0  |       4 |       9 |      10 |      45 |     100 |
| 130  |  0  |       4 |       9 |      10 |      45 |     100 |
| 131  |  0  |      16 |       9 |      10 |      45 |     100 |
| 132  |  0  |      16 |      10 |      10 |      45 |     100 |
| 133  |  0  |      18 |      10 |      10 |      45 |     100 |
| 134  |  0  |      18 |     -90 |      10 |      45 |     100 |
| 135  |  0  |      18 |     -90 |      10 |      45 |     100 |
| 136  |  0  |      18 |     -90 |      10 |      45 |     100 |
| 137  |  0  |      16 |     -90 |      10 |      45 |     100 |
| 138  |  0  |      16 |      10 |      10 |      45 |     100 |
| 139  |  0  |      17 |      10 |      10 |      45 |     100 |
| 140  |  0  |      17 |      10 |      10 |      55 |     100 |
| 141  |  0  |      16 |      10 |      10 |      55 |     100 |
| 142  |  0  |      16 |      10 |      11 |      55 |     100 |
| 143  |  0  |       4 |      10 |      11 |      55 |     100 |
| 144  |  0  |       4 |      10 |      11 |      55 |     100 |
| 145  |  0  |      16 |      10 |      11 |      55 |     100 |
| 146  |  0  |      16 |      11 |      11 |      55 |     100 |
| 147  |  0  |      18 |      11 |      11 |      55 |     100 |
| 148  |  0  |      18 |     -89 |      11 |      55 |     100 |
| 149  |  0  |      18 |     -89 |      11 |      55 |     100 |
| 150  |  0  |      18 |     -89 |      11 |      55 |     100 |
| 151  |  0  |      16 |     -89 |      11 |      55 |     100 |
| 152  |  0  |      16 |      11 |      11 |      55 |     100 |
| 153  |  0  |      17 |      11 |      11 |      55 |     100 |
| 154  |  0  |      17 |      11 |      11 |      66 |     100 |
| 155  |  0  |      16 |      11 |      11 |      66 |     100 |
| 156  |  0  |      16 |      11 |      12 |      66 |     100 |
| 157  |  0  |       4 |      11 |      12 |      66 |     100 |
| 158  |  0  |       4 |      11 |      12 |      66 |     100 |
| 159  |  0  |      16 |      11 |      12 |      66 |     100 |
| 160  |  0  |      16 |      12 |      12 |      66 |     100 |
| 161  |  0  |      18 |      12 |      12 |      66 |     100 |
| 162  |  0  |      18 |     -88 |      12 |      66 |     100 |
| 163  |  0  |      18 |     -88 |      12 |      66 |     100 |
| 164  |  0  |      18 |     -88 |      12 |      66 |     100 |
| 165  |  0  |      16 |     -88 |      12 |      66 |     100 |
| 166  |  0  |      16 |      12 |      12 |      66 |     100 |
| 167  |  0  |      17 |      12 |      12 |      66 |     100 |
| 168  |  0  |      17 |      12 |      12 |      78 |     100 |
| 169  |  0  |      16 |      12 |      12 |      78 |     100 |
| 170  |  0  |      16 |      12 |      13 |      78 |     100 |
| 171  |  0  |       4 |      12 |      13 |      78 |     100 |
| 172  |  0  |       4 |      12 |      13 |      78 |     100 |
| 173  |  0  |      16 |      12 |      13 |      78 |     100 |
| 174  |  0  |      16 |      13 |      13 |      78 |     100 |
| 175  |  0  |      18 |      13 |      13 |      78 |     100 |
| 176  |  0  |      18 |     -87 |      13 |      78 |     100 |
| 177  |  0  |      18 |     -87 |      13 |      78 |     100 |
| 178  |  0  |      18 |     -87 |      13 |      78 |     100 |
| 179  |  0  |      16 |     -87 |      13 |      78 |     100 |
| 180  |  0  |      16 |      13 |      13 |      78 |     100 |
| 181  |  0  |      17 |      13 |      13 |      78 |     100 |
| 182  |  0  |      17 |      13 |      13 |      91 |     100 |
| 183  |  0  |      16 |      13 |      13 |      91 |     100 |
| 184  |  0  |      16 |      13 |      14 |      91 |     100 |
| 185  |  0  |       4 |      13 |      14 |      91 |     100 |
| 186  |  0  |       4 |      13 |      14 |      91 |     100 |
| 187  |  0  |      16 |      13 |      14 |      91 |     100 |
| 188  |  0  |      16 |      14 |      14 |      91 |     100 |
| 189  |  0  |      18 |      14 |      14 |      91 |     100 |
| 190  |  0  |      18 |     -86 |      14 |      91 |     100 |
| 191  |  0  |      18 |     -86 |      14 |      91 |     100 |
| 192  |  0  |      18 |     -86 |      14 |      91 |     100 |
| 193  |  0  |      16 |     -86 |      14 |      91 |     100 |
| 194  |  0  |      16 |      14 |      14 |      91 |     100 |
| 195  |  0  |      17 |      14 |      14 |      91 |     100 |
| 196  |  0  |      17 |      14 |      14 |     105 |     100 |
| 197  |  0  |      16 |      14 |      14 |     105 |     100 |
| 198  |  0  |      16 |      14 |      15 |     105 |     100 |
| 199  |  0  |       4 |      14 |      15 |     105 |     100 |
| 200  |  0  |       4 |      14 |      15 |     105 |     100 |
| 201  |  0  |      16 |      14 |      15 |     105 |     100 |
| 202  |  0  |      16 |      15 |      15 |     105 |     100 |
| 203  |  0  |      18 |      15 |      15 |     105 |     100 |
| 204  |  0  |      18 |     -85 |      15 |     105 |     100 |
| 205  |  0  |      18 |     -85 |      15 |     105 |     100 |
| 206  |  0  |      18 |     -85 |      15 |     105 |     100 |
| 207  |  0  |      16 |     -85 |      15 |     105 |     100 |
| 208  |  0  |      16 |      15 |      15 |     105 |     100 |
| 209  |  0  |      17 |      15 |      15 |     105 |     100 |
| 210  |  0  |      17 |      15 |      15 |     120 |     100 |
| 211  |  0  |      16 |      15 |      15 |     120 |     100 |
| 212  |  0  |      16 |      15 |      16 |     120 |     100 |
| 213  |  0  |       4 |      15 |      16 |     120 |     100 |
| 214  |  0  |       4 |      15 |      16 |     120 |     100 |
| 215  |  0  |      16 |      15 |      16 |     120 |     100 |
| 216  |  0  |      16 |      16 |      16 |     120 |     100 |
| 217  |  0  |      18 |      16 |      16 |     120 |     100 |
| 218  |  0  |      18 |     -84 |      16 |     120 |     100 |
| 219  |  0  |      18 |     -84 |      16 |     120 |     100 |
| 220  |  0  |      18 |     -84 |      16 |     120 |     100 |
| 221  |  0  |      16 |     -84 |      16 |     120 |     100 |
| 222  |  0  |      16 |      16 |      16 |     120 |     100 |
| 223  |  0  |      17 |      16 |      16 |     120 |     100 |
| 224  |  0  |      17 |      16 |      16 |     136 |     100 |
| 225  |  0  |      16 |      16 |      16 |     136 |     100 |
| 226  |  0  |      16 |      16 |      17 |     136 |     100 |
| 227  |  0  |       4 |      16 |      17 |     136 |     100 |
| 228  |  0  |       4 |      16 |      17 |     136 |     100 |
| 229  |  0  |      16 |      16 |      17 |     136 |     100 |
| 230  |  0  |      16 |      17 |      17 |     136 |     100 |
| 231  |  0  |      18 |      17 |      17 |     136 |     100 |
| 232  |  0  |      18 |     -83 |      17 |     136 |     100 |
| 233  |  0  |      18 |     -83 |      17 |     136 |     100 |
| 234  |  0  |      18 |     -83 |      17 |     136 |     100 |
| 235  |  0  |      16 |     -83 |      17 |     136 |     100 |
| 236  |  0  |      16 |      17 |      17 |     136 |     100 |
| 237  |  0  |      17 |      17 |      17 |     136 |     100 |
| 238  |  0  |      17 |      17 |      17 |     153 |     100 |
| 239  |  0  |      16 |      17 |      17 |     153 |     100 |
| 240  |  0  |      16 |      17 |      18 |     153 |     100 |
| 241  |  0  |       4 |      17 |      18 |     153 |     100 |
| 242  |  0  |       4 |      17 |      18 |     153 |     100 |
| 243  |  0  |      16 |      17 |      18 |     153 |     100 |
| 244  |  0  |      16 |      18 |      18 |     153 |     100 |
| 245  |  0  |      18 |      18 |      18 |     153 |     100 |
| 246  |  0  |      18 |     -82 |      18 |     153 |     100 |
| 247  |  0  |      18 |     -82 |      18 |     153 |     100 |
| 248  |  0  |      18 |     -82 |      18 |     153 |     100 |
| 249  |  0  |      16 |     -82 |      18 |     153 |     100 |
| 250  |  0  |      16 |      18 |      18 |     153 |     100 |
| 251  |  0  |      17 |      18 |      18 |     153 |     100 |
| 252  |  0  |      17 |      18 |      18 |     171 |     100 |
| 253  |  0  |      16 |      18 |      18 |     171 |     100 |
| 254  |  0  |      16 |      18 |      19 |     171 |     100 |
| 255  |  0  |       4 |      18 |      19 |     171 |     100 |
| 256  |  0  |       4 |      18 |      19 |     171 |     100 |
| 257  |  0  |      16 |      18 |      19 |     171 |     100 |
| 258  |  0  |      16 |      19 |      19 |     171 |     100 |
| 259  |  0  |      18 |      19 |      19 |     171 |     100 |
| 260  |  0  |      18 |     -81 |      19 |     171 |     100 |
| 261  |  0  |      18 |     -81 |      19 |     171 |     100 |
| 262  |  0  |      18 |     -81 |      19 |     171 |     100 |
| 263  |  0  |      16 |     -81 |      19 |     171 |     100 |
| 264  |  0  |      16 |      19 |      19 |     171 |     100 |
| 265  |  0  |      17 |      19 |      19 |     171 |     100 |
| 266  |  0  |      17 |      19 |      19 |     190 |     100 |
| 267  |  0  |      16 |      19 |      19 |     190 |     100 |
| 268  |  0  |      16 |      19 |      20 |     190 |     100 |
| 269  |  0  |       4 |      19 |      20 |     190 |     100 |
| 270  |  0  |       4 |      19 |      20 |     190 |     100 |
| 271  |  0  |      16 |      19 |      20 |     190 |     100 |
| 272  |  0  |      16 |      20 |      20 |     190 |     100 |
| 273  |  0  |      18 |      20 |      20 |     190 |     100 |
| 274  |  0  |      18 |     -80 |      20 |     190 |     100 |
| 275  |  0  |      18 |     -80 |      20 |     190 |     100 |
| 276  |  0  |      18 |     -80 |      20 |     190 |     100 |
| 277  |  0  |      16 |     -80 |      20 |     190 |     100 |
| 278  |  0  |      16 |      20 |      20 |     190 |     100 |
| 279  |  0  |      17 |      20 |      20 |     190 |     100 |
| 280  |  0  |      17 |      20 |      20 |     210 |     100 |
| 281  |  0  |      16 |      20 |      20 |     210 |     100 |
| 282  |  0  |      16 |      20 |      21 |     210 |     100 |
| 283  |  0  |       4 |      20 |      21 |     210 |     100 |
| 284  |  0  |       4 |      20 |      21 |     210 |     100 |
| 285  |  0  |      16 |      20 |      21 |     210 |     100 |
| 286  |  0  |      16 |      21 |      21 |     210 |     100 |
| 287  |  0  |      18 |      21 |      21 |     210 |     100 |
| 288  |  0  |      18 |     -79 |      21 |     210 |     100 |
| 289  |  0  |      18 |     -79 |      21 |     210 |     100 |
| 290  |  0  |      18 |     -79 |      21 |     210 |     100 |
| 291  |  0  |      16 |     -79 |      21 |     210 |     100 |
| 292  |  0  |      16 |      21 |      21 |     210 |     100 |
| 293  |  0  |      17 |      21 |      21 |     210 |     100 |
| 294  |  0  |      17 |      21 |      21 |     231 |     100 |
| 295  |  0  |      16 |      21 |      21 |     231 |     100 |
| 296  |  0  |      16 |      21 |      22 |     231 |     100 |
| 297  |  0  |       4 |      21 |      22 |     231 |     100 |
| 298  |  0  |       4 |      21 |      22 |     231 |     100 |
| 299  |  0  |      16 |      21 |      22 |     231 |     100 |
| 300  |  0  |      16 |      22 |      22 |     231 |     100 |
| 301  |  0  |      18 |      22 |      22 |     231 |     100 |
| 302  |  0  |      18 |     -78 |      22 |     231 |     100 |
| 303  |  0  |      18 |     -78 |      22 |     231 |     100 |
| 304  |  0  |      18 |     -78 |      22 |     231 |     100 |
| 305  |  0  |      16 |     -78 |      22 |     231 |     100 |
| 306  |  0  |      16 |      22 |      22 |     231 |     100 |
| 307  |  0  |      17 |      22 |      22 |     231 |     100 |
| 308  |  0  |      17 |      22 |      22 |     253 |     100 |
| 309  |  0  |      16 |      22 |      22 |     253 |     100 |
| 310  |  0  |      16 |      22 |      23 |     253 |     100 |
| 311  |  0  |       4 |      22 |      23 |     253 |     100 |
| 312  |  0  |       4 |      22 |      23 |     253 |     100 |
| 313  |  0  |      16 |      22 |      23 |     253 |     100 |
| 314  |  0  |      16 |      23 |      23 |     253 |     100 |
| 315  |  0  |      18 |      23 |      23 |     253 |     100 |
| 316  |  0  |      18 |     -77 |      23 |     253 |     100 |
| 317  |  0  |      18 |     -77 |      23 |     253 |     100 |
| 318  |  0  |      18 |     -77 |      23 |     253 |     100 |
| 319  |  0  |      16 |     -77 |      23 |     253 |     100 |
| 320  |  0  |      16 |      23 |      23 |     253 |     100 |
| 321  |  0  |      17 |      23 |      23 |     253 |     100 |
| 322  |  0  |      17 |      23 |      23 |     276 |     100 |
| 323  |  0  |      16 |      23 |      23 |     276 |     100 |
| 324  |  0  |      16 |      23 |      24 |     276 |     100 |
| 325  |  0  |       4 |      23 |      24 |     276 |     100 |
| 326  |  0  |       4 |      23 |      24 |     276 |     100 |
| 327  |  0  |      16 |      23 |      24 |     276 |     100 |
| 328  |  0  |      16 |      24 |      24 |     276 |     100 |
| 329  |  0  |      18 |      24 |      24 |     276 |     100 |
| 330  |  0  |      18 |     -76 |      24 |     276 |     100 |
| 331  |  0  |      18 |     -76 |      24 |     276 |     100 |
| 332  |  0  |      18 |     -76 |      24 |     276 |     100 |
| 333  |  0  |      16 |     -76 |      24 |     276 |     100 |
| 334  |  0  |      16 |      24 |      24 |     276 |     100 |
| 335  |  0  |      17 |      24 |      24 |     276 |     100 |
| 336  |  0  |      17 |      24 |      24 |     300 |     100 |
| 337  |  0  |      16 |      24 |      24 |     300 |     100 |
| 338  |  0  |      16 |      24 |      25 |     300 |     100 |
| 339  |  0  |       4 |      24 |      25 |     300 |     100 |
| 340  |  0  |       4 |      24 |      25 |     300 |     100 |
| 341  |  0  |      16 |      24 |      25 |     300 |     100 |
| 342  |  0  |      16 |      25 |      25 |     300 |     100 |
| 343  |  0  |      18 |      25 |      25 |     300 |     100 |
| 344  |  0  |      18 |     -75 |      25 |     300 |     100 |
| 345  |  0  |      18 |     -75 |      25 |     300 |     100 |
| 346  |  0  |      18 |     -75 |      25 |     300 |     100 |
| 347  |  0  |      16 |     -75 |      25 |     300 |     100 |
| 348  |  0  |      16 |      25 |      25 |     300 |     100 |
| 349  |  0  |      17 |      25 |      25 |     300 |     100 |
| 350  |  0  |      17 |      25 |      25 |     325 |     100 |
| 351  |  0  |      16 |      25 |      25 |     325 |     100 |
| 352  |  0  |      16 |      25 |      26 |     325 |     100 |
| 353  |  0  |       4 |      25 |      26 |     325 |     100 |
| 354  |  0  |       4 |      25 |      26 |     325 |     100 |
| 355  |  0  |      16 |      25 |      26 |     325 |     100 |
| 356  |  0  |      16 |      26 |      26 |     325 |     100 |
| 357  |  0  |      18 |      26 |      26 |     325 |     100 |
| 358  |  0  |      18 |     -74 |      26 |     325 |     100 |
| 359  |  0  |      18 |     -74 |      26 |     325 |     100 |
| 360  |  0  |      18 |     -74 |      26 |     325 |     100 |
| 361  |  0  |      16 |     -74 |      26 |     325 |     100 |
| 362  |  0  |      16 |      26 |      26 |     325 |     100 |
| 363  |  0  |      17 |      26 |      26 |     325 |     100 |
| 364  |  0  |      17 |      26 |      26 |     351 |     100 |
| 365  |  0  |      16 |      26 |      26 |     351 |     100 |
| 366  |  0  |      16 |      26 |      27 |     351 |     100 |
| 367  |  0  |       4 |      26 |      27 |     351 |     100 |
| 368  |  0  |       4 |      26 |      27 |     351 |     100 |
| 369  |  0  |      16 |      26 |      27 |     351 |     100 |
| 370  |  0  |      16 |      27 |      27 |     351 |     100 |
| 371  |  0  |      18 |      27 |      27 |     351 |     100 |
| 372  |  0  |      18 |     -73 |      27 |     351 |     100 |
| 373  |  0  |      18 |     -73 |      27 |     351 |     100 |
| 374  |  0  |      18 |     -73 |      27 |     351 |     100 |
| 375  |  0  |      16 |     -73 |      27 |     351 |     100 |
| 376  |  0  |      16 |      27 |      27 |     351 |     100 |
| 377  |  0  |      17 |      27 |      27 |     351 |     100 |
| 378  |  0  |      17 |      27 |      27 |     378 |     100 |
| 379  |  0  |      16 |      27 |      27 |     378 |     100 |
| 380  |  0  |      16 |      27 |      28 |     378 |     100 |
| 381  |  0  |       4 |      27 |      28 |     378 |     100 |
| 382  |  0  |       4 |      27 |      28 |     378 |     100 |
| 383  |  0  |      16 |      27 |      28 |     378 |     100 |
| 384  |  0  |      16 |      28 |      28 |     378 |     100 |
| 385  |  0  |      18 |      28 |      28 |     378 |     100 |
| 386  |  0  |      18 |     -72 |      28 |     378 |     100 |
| 387  |  0  |      18 |     -72 |      28 |     378 |     100 |
| 388  |  0  |      18 |     -72 |      28 |     378 |     100 |
| 389  |  0  |      16 |     -72 |      28 |     378 |     100 |
| 390  |  0  |      16 |      28 |      28 |     378 |     100 |
| 391  |  0  |      17 |      28 |      28 |     378 |     100 |
| 392  |  0  |      17 |      28 |      28 |     406 |     100 |
| 393  |  0  |      16 |      28 |      28 |     406 |     100 |
| 394  |  0  |      16 |      28 |      29 |     406 |     100 |
| 395  |  0  |       4 |      28 |      29 |     406 |     100 |
| 396  |  0  |       4 |      28 |      29 |     406 |     100 |
| 397  |  0  |      16 |      28 |      29 |     406 |     100 |
| 398  |  0  |      16 |      29 |      29 |     406 |     100 |
| 399  |  0  |      18 |      29 |      29 |     406 |     100 |
| 400  |  0  |      18 |     -71 |      29 |     406 |     100 |
| 401  |  0  |      18 |     -71 |      29 |     406 |     100 |
| 402  |  0  |      18 |     -71 |      29 |     406 |     100 |
| 403  |  0  |      16 |     -71 |      29 |     406 |     100 |
| 404  |  0  |      16 |      29 |      29 |     406 |     100 |
| 405  |  0  |      17 |      29 |      29 |     406 |     100 |
| 406  |  0  |      17 |      29 |      29 |     435 |     100 |
| 407  |  0  |      16 |      29 |      29 |     435 |     100 |
| 408  |  0  |      16 |      29 |      30 |     435 |     100 |
| 409  |  0  |       4 |      29 |      30 |     435 |     100 |
| 410  |  0  |       4 |      29 |      30 |     435 |     100 |
| 411  |  0  |      16 |      29 |      30 |     435 |     100 |
| 412  |  0  |      16 |      30 |      30 |     435 |     100 |
| 413  |  0  |      18 |      30 |      30 |     435 |     100 |
| 414  |  0  |      18 |     -70 |      30 |     435 |     100 |
| 415  |  0  |      18 |     -70 |      30 |     435 |     100 |
| 416  |  0  |      18 |     -70 |      30 |     435 |     100 |
| 417  |  0  |      16 |     -70 |      30 |     435 |     100 |
| 418  |  0  |      16 |      30 |      30 |     435 |     100 |
| 419  |  0  |      17 |      30 |      30 |     435 |     100 |
| 420  |  0  |      17 |      30 |      30 |     465 |     100 |
| 421  |  0  |      16 |      30 |      30 |     465 |     100 |
| 422  |  0  |      16 |      30 |      31 |     465 |     100 |
| 423  |  0  |       4 |      30 |      31 |     465 |     100 |
| 424  |  0  |       4 |      30 |      31 |     465 |     100 |
| 425  |  0  |      16 |      30 |      31 |     465 |     100 |
| 426  |  0  |      16 |      31 |      31 |     465 |     100 |
| 427  |  0  |      18 |      31 |      31 |     465 |     100 |
| 428  |  0  |      18 |     -69 |      31 |     465 |     100 |
| 429  |  0  |      18 |     -69 |      31 |     465 |     100 |
| 430  |  0  |      18 |     -69 |      31 |     465 |     100 |
| 431  |  0  |      16 |     -69 |      31 |     465 |     100 |
| 432  |  0  |      16 |      31 |      31 |     465 |     100 |
| 433  |  0  |      17 |      31 |      31 |     465 |     100 |
| 434  |  0  |      17 |      31 |      31 |     496 |     100 |
| 435  |  0  |      16 |      31 |      31 |     496 |     100 |
| 436  |  0  |      16 |      31 |      32 |     496 |     100 |
| 437  |  0  |       4 |      31 |      32 |     496 |     100 |
| 438  |  0  |       4 |      31 |      32 |     496 |     100 |
| 439  |  0  |      16 |      31 |      32 |     496 |     100 |
| 440  |  0  |      16 |      32 |      32 |     496 |     100 |
| 441  |  0  |      18 |      32 |      32 |     496 |     100 |
| 442  |  0  |      18 |     -68 |      32 |     496 |     100 |
| 443  |  0  |      18 |     -68 |      32 |     496 |     100 |
| 444  |  0  |      18 |     -68 |      32 |     496 |     100 |
| 445  |  0  |      16 |     -68 |      32 |     496 |     100 |
| 446  |  0  |      16 |      32 |      32 |     496 |     100 |
| 447  |  0  |      17 |      32 |      32 |     496 |     100 |
| 448  |  0  |      17 |      32 |      32 |     528 |     100 |
| 449  |  0  |      16 |      32 |      32 |     528 |     100 |
| 450  |  0  |      16 |      32 |      33 |     528 |     100 |
| 451  |  0  |       4 |      32 |      33 |     528 |     100 |
| 452  |  0  |       4 |      32 |      33 |     528 |     100 |
| 453  |  0  |      16 |      32 |      33 |     528 |     100 |
| 454  |  0  |      16 |      33 |      33 |     528 |     100 |
| 455  |  0  |      18 |      33 |      33 |     528 |     100 |
| 456  |  0  |      18 |     -67 |      33 |     528 |     100 |
| 457  |  0  |      18 |     -67 |      33 |     528 |     100 |
| 458  |  0  |      18 |     -67 |      33 |     528 |     100 |
| 459  |  0  |      16 |     -67 |      33 |     528 |     100 |
| 460  |  0  |      16 |      33 |      33 |     528 |     100 |
| 461  |  0  |      17 |      33 |      33 |     528 |     100 |
| 462  |  0  |      17 |      33 |      33 |     561 |     100 |
| 463  |  0  |      16 |      33 |      33 |     561 |     100 |
| 464  |  0  |      16 |      33 |      34 |     561 |     100 |
| 465  |  0  |       4 |      33 |      34 |     561 |     100 |
| 466  |  0  |       4 |      33 |      34 |     561 |     100 |
| 467  |  0  |      16 |      33 |      34 |     561 |     100 |
| 468  |  0  |      16 |      34 |      34 |     561 |     100 |
| 469  |  0  |      18 |      34 |      34 |     561 |     100 |
| 470  |  0  |      18 |     -66 |      34 |     561 |     100 |
| 471  |  0  |      18 |     -66 |      34 |     561 |     100 |
| 472  |  0  |      18 |     -66 |      34 |     561 |     100 |
| 473  |  0  |      16 |     -66 |      34 |     561 |     100 |
| 474  |  0  |      16 |      34 |      34 |     561 |     100 |
| 475  |  0  |      17 |      34 |      34 |     561 |     100 |
| 476  |  0  |      17 |      34 |      34 |     595 |     100 |
| 477  |  0  |      16 |      34 |      34 |     595 |     100 |
| 478  |  0  |      16 |      34 |      35 |     595 |     100 |
| 479  |  0  |       4 |      34 |      35 |     595 |     100 |
| 480  |  0  |       4 |      34 |      35 |     595 |     100 |
| 481  |  0  |      16 |      34 |      35 |     595 |     100 |
| 482  |  0  |      16 |      35 |      35 |     595 |     100 |
| 483  |  0  |      18 |      35 |      35 |     595 |     100 |
| 484  |  0  |      18 |     -65 |      35 |     595 |     100 |
| 485  |  0  |      18 |     -65 |      35 |     595 |     100 |
| 486  |  0  |      18 |     -65 |      35 |     595 |     100 |
| 487  |  0  |      16 |     -65 |      35 |     595 |     100 |
| 488  |  0  |      16 |      35 |      35 |     595 |     100 |
| 489  |  0  |      17 |      35 |      35 |     595 |     100 |
| 490  |  0  |      17 |      35 |      35 |     630 |     100 |
| 491  |  0  |      16 |      35 |      35 |     630 |     100 |
| 492  |  0  |      16 |      35 |      36 |     630 |     100 |
| 493  |  0  |       4 |      35 |      36 |     630 |     100 |
| 494  |  0  |       4 |      35 |      36 |     630 |     100 |
| 495  |  0  |      16 |      35 |      36 |     630 |     100 |
| 496  |  0  |      16 |      36 |      36 |     630 |     100 |
| 497  |  0  |      18 |      36 |      36 |     630 |     100 |
| 498  |  0  |      18 |     -64 |      36 |     630 |     100 |
| 499  |  0  |      18 |     -64 |      36 |     630 |     100 |
| 500  |  0  |      18 |     -64 |      36 |     630 |     100 |
| 501  |  0  |      16 |     -64 |      36 |     630 |     100 |
| 502  |  0  |      16 |      36 |      36 |     630 |     100 |
| 503  |  0  |      17 |      36 |      36 |     630 |     100 |
| 504  |  0  |      17 |      36 |      36 |     666 |     100 |
| 505  |  0  |      16 |      36 |      36 |     666 |     100 |
| 506  |  0  |      16 |      36 |      37 |     666 |     100 |
| 507  |  0  |       4 |      36 |      37 |     666 |     100 |
| 508  |  0  |       4 |      36 |      37 |     666 |     100 |
| 509  |  0  |      16 |      36 |      37 |     666 |     100 |
| 510  |  0  |      16 |      37 |      37 |     666 |     100 |
| 511  |  0  |      18 |      37 |      37 |     666 |     100 |
| 512  |  0  |      18 |     -63 |      37 |     666 |     100 |
| 513  |  0  |      18 |     -63 |      37 |     666 |     100 |
| 514  |  0  |      18 |     -63 |      37 |     666 |     100 |
| 515  |  0  |      16 |     -63 |      37 |     666 |     100 |
| 516  |  0  |      16 |      37 |      37 |     666 |     100 |
| 517  |  0  |      17 |      37 |      37 |     666 |     100 |
| 518  |  0  |      17 |      37 |      37 |     703 |     100 |
| 519  |  0  |      16 |      37 |      37 |     703 |     100 |
| 520  |  0  |      16 |      37 |      38 |     703 |     100 |
| 521  |  0  |       4 |      37 |      38 |     703 |     100 |
| 522  |  0  |       4 |      37 |      38 |     703 |     100 |
| 523  |  0  |      16 |      37 |      38 |     703 |     100 |
| 524  |  0  |      16 |      38 |      38 |     703 |     100 |
| 525  |  0  |      18 |      38 |      38 |     703 |     100 |
| 526  |  0  |      18 |     -62 |      38 |     703 |     100 |
| 527  |  0  |      18 |     -62 |      38 |     703 |     100 |
| 528  |  0  |      18 |     -62 |      38 |     703 |     100 |
| 529  |  0  |      16 |     -62 |      38 |     703 |     100 |
| 530  |  0  |      16 |      38 |      38 |     703 |     100 |
| 531  |  0  |      17 |      38 |      38 |     703 |     100 |
| 532  |  0  |      17 |      38 |      38 |     741 |     100 |
| 533  |  0  |      16 |      38 |      38 |     741 |     100 |
| 534  |  0  |      16 |      38 |      39 |     741 |     100 |
| 535  |  0  |       4 |      38 |      39 |     741 |     100 |
| 536  |  0  |       4 |      38 |      39 |     741 |     100 |
| 537  |  0  |      16 |      38 |      39 |     741 |     100 |
| 538  |  0  |      16 |      39 |      39 |     741 |     100 |
| 539  |  0  |      18 |      39 |      39 |     741 |     100 |
| 540  |  0  |      18 |     -61 |      39 |     741 |     100 |
| 541  |  0  |      18 |     -61 |      39 |     741 |     100 |
| 542  |  0  |      18 |     -61 |      39 |     741 |     100 |
| 543  |  0  |      16 |     -61 |      39 |     741 |     100 |
| 544  |  0  |      16 |      39 |      39 |     741 |     100 |
| 545  |  0  |      17 |      39 |      39 |     741 |     100 |
| 546  |  0  |      17 |      39 |      39 |     780 |     100 |
| 547  |  0  |      16 |      39 |      39 |     780 |     100 |
| 548  |  0  |      16 |      39 |      40 |     780 |     100 |
| 549  |  0  |       4 |      39 |      40 |     780 |     100 |
| 550  |  0  |       4 |      39 |      40 |     780 |     100 |
| 551  |  0  |      16 |      39 |      40 |     780 |     100 |
| 552  |  0  |      16 |      40 |      40 |     780 |     100 |
| 553  |  0  |      18 |      40 |      40 |     780 |     100 |
| 554  |  0  |      18 |     -60 |      40 |     780 |     100 |
| 555  |  0  |      18 |     -60 |      40 |     780 |     100 |
| 556  |  0  |      18 |     -60 |      40 |     780 |     100 |
| 557  |  0  |      16 |     -60 |      40 |     780 |     100 |
| 558  |  0  |      16 |      40 |      40 |     780 |     100 |
| 559  |  0  |      17 |      40 |      40 |     780 |     100 |
| 560  |  0  |      17 |      40 |      40 |     820 |     100 |
| 561  |  0  |      16 |      40 |      40 |     820 |     100 |
| 562  |  0  |      16 |      40 |      41 |     820 |     100 |
| 563  |  0  |       4 |      40 |      41 |     820 |     100 |
| 564  |  0  |       4 |      40 |      41 |     820 |     100 |
| 565  |  0  |      16 |      40 |      41 |     820 |     100 |
| 566  |  0  |      16 |      41 |      41 |     820 |     100 |
| 567  |  0  |      18 |      41 |      41 |     820 |     100 |
| 568  |  0  |      18 |     -59 |      41 |     820 |     100 |
| 569  |  0  |      18 |     -59 |      41 |     820 |     100 |
| 570  |  0  |      18 |     -59 |      41 |     820 |     100 |
| 571  |  0  |      16 |     -59 |      41 |     820 |     100 |
| 572  |  0  |      16 |      41 |      41 |     820 |     100 |
| 573  |  0  |      17 |      41 |      41 |     820 |     100 |
| 574  |  0  |      17 |      41 |      41 |     861 |     100 |
| 575  |  0  |      16 |      41 |      41 |     861 |     100 |
| 576  |  0  |      16 |      41 |      42 |     861 |     100 |
| 577  |  0  |       4 |      41 |      42 |     861 |     100 |
| 578  |  0  |       4 |      41 |      42 |     861 |     100 |
| 579  |  0  |      16 |      41 |      42 |     861 |     100 |
| 580  |  0  |      16 |      42 |      42 |     861 |     100 |
| 581  |  0  |      18 |      42 |      42 |     861 |     100 |
| 582  |  0  |      18 |     -58 |      42 |     861 |     100 |
| 583  |  0  |      18 |     -58 |      42 |     861 |     100 |
| 584  |  0  |      18 |     -58 |      42 |     861 |     100 |
| 585  |  0  |      16 |     -58 |      42 |     861 |     100 |
| 586  |  0  |      16 |      42 |      42 |     861 |     100 |
| 587  |  0  |      17 |      42 |      42 |     861 |     100 |
| 588  |  0  |      17 |      42 |      42 |     903 |     100 |
| 589  |  0  |      16 |      42 |      42 |     903 |     100 |
| 590  |  0  |      16 |      42 |      43 |     903 |     100 |
| 591  |  0  |       4 |      42 |      43 |     903 |     100 |
| 592  |  0  |       4 |      42 |      43 |     903 |     100 |
| 593  |  0  |      16 |      42 |      43 |     903 |     100 |
| 594  |  0  |      16 |      43 |      43 |     903 |     100 |
| 595  |  0  |      18 |      43 |      43 |     903 |     100 |
| 596  |  0  |      18 |     -57 |      43 |     903 |     100 |
| 597  |  0  |      18 |     -57 |      43 |     903 |     100 |
| 598  |  0  |      18 |     -57 |      43 |     903 |     100 |
| 599  |  0  |      16 |     -57 |      43 |     903 |     100 |
| 600  |  0  |      16 |      43 |      43 |     903 |     100 |
| 601  |  0  |      17 |      43 |      43 |     903 |     100 |
| 602  |  0  |      17 |      43 |      43 |     946 |     100 |
| 603  |  0  |      16 |      43 |      43 |     946 |     100 |
| 604  |  0  |      16 |      43 |      44 |     946 |     100 |
| 605  |  0  |       4 |      43 |      44 |     946 |     100 |
| 606  |  0  |       4 |      43 |      44 |     946 |     100 |
| 607  |  0  |      16 |      43 |      44 |     946 |     100 |
| 608  |  0  |      16 |      44 |      44 |     946 |     100 |
| 609  |  0  |      18 |      44 |      44 |     946 |     100 |
| 610  |  0  |      18 |     -56 |      44 |     946 |     100 |
| 611  |  0  |      18 |     -56 |      44 |     946 |     100 |
| 612  |  0  |      18 |     -56 |      44 |     946 |     100 |
| 613  |  0  |      16 |     -56 |      44 |     946 |     100 |
| 614  |  0  |      16 |      44 |      44 |     946 |     100 |
| 615  |  0  |      17 |      44 |      44 |     946 |     100 |
| 616  |  0  |      17 |      44 |      44 |     990 |     100 |
| 617  |  0  |      16 |      44 |      44 |     990 |     100 |
| 618  |  0  |      16 |      44 |      45 |     990 |     100 |
| 619  |  0  |       4 |      44 |      45 |     990 |     100 |
| 620  |  0  |       4 |      44 |      45 |     990 |     100 |
| 621  |  0  |      16 |      44 |      45 |     990 |     100 |
| 622  |  0  |      16 |      45 |      45 |     990 |     100 |
| 623  |  0  |      18 |      45 |      45 |     990 |     100 |
| 624  |  0  |      18 |     -55 |      45 |     990 |     100 |
| 625  |  0  |      18 |     -55 |      45 |     990 |     100 |
| 626  |  0  |      18 |     -55 |      45 |     990 |     100 |
| 627  |  0  |      16 |     -55 |      45 |     990 |     100 |
| 628  |  0  |      16 |      45 |      45 |     990 |     100 |
| 629  |  0  |      17 |      45 |      45 |     990 |     100 |
| 630  |  0  |      17 |      45 |      45 |    1035 |     100 |
| 631  |  0  |      16 |      45 |      45 |    1035 |     100 |
| 632  |  0  |      16 |      45 |      46 |    1035 |     100 |
| 633  |  0  |       4 |      45 |      46 |    1035 |     100 |
| 634  |  0  |       4 |      45 |      46 |    1035 |     100 |
| 635  |  0  |      16 |      45 |      46 |    1035 |     100 |
| 636  |  0  |      16 |      46 |      46 |    1035 |     100 |
| 637  |  0  |      18 |      46 |      46 |    1035 |     100 |
| 638  |  0  |      18 |     -54 |      46 |    1035 |     100 |
| 639  |  0  |      18 |     -54 |      46 |    1035 |     100 |
| 640  |  0  |      18 |     -54 |      46 |    1035 |     100 |
| 641  |  0  |      16 |     -54 |      46 |    1035 |     100 |
| 642  |  0  |      16 |      46 |      46 |    1035 |     100 |
| 643  |  0  |      17 |      46 |      46 |    1035 |     100 |
| 644  |  0  |      17 |      46 |      46 |    1081 |     100 |
| 645  |  0  |      16 |      46 |      46 |    1081 |     100 |
| 646  |  0  |      16 |      46 |      47 |    1081 |     100 |
| 647  |  0  |       4 |      46 |      47 |    1081 |     100 |
| 648  |  0  |       4 |      46 |      47 |    1081 |     100 |
| 649  |  0  |      16 |      46 |      47 |    1081 |     100 |
| 650  |  0  |      16 |      47 |      47 |    1081 |     100 |
| 651  |  0  |      18 |      47 |      47 |    1081 |     100 |
| 652  |  0  |      18 |     -53 |      47 |    1081 |     100 |
| 653  |  0  |      18 |     -53 |      47 |    1081 |     100 |
| 654  |  0  |      18 |     -53 |      47 |    1081 |     100 |
| 655  |  0  |      16 |     -53 |      47 |    1081 |     100 |
| 656  |  0  |      16 |      47 |      47 |    1081 |     100 |
| 657  |  0  |      17 |      47 |      47 |    1081 |     100 |
| 658  |  0  |      17 |      47 |      47 |    1128 |     100 |
| 659  |  0  |      16 |      47 |      47 |    1128 |     100 |
| 660  |  0  |      16 |      47 |      48 |    1128 |     100 |
| 661  |  0  |       4 |      47 |      48 |    1128 |     100 |
| 662  |  0  |       4 |      47 |      48 |    1128 |     100 |
| 663  |  0  |      16 |      47 |      48 |    1128 |     100 |
| 664  |  0  |      16 |      48 |      48 |    1128 |     100 |
| 665  |  0  |      18 |      48 |      48 |    1128 |     100 |
| 666  |  0  |      18 |     -52 |      48 |    1128 |     100 |
| 667  |  0  |      18 |     -52 |      48 |    1128 |     100 |
| 668  |  0  |      18 |     -52 |      48 |    1128 |     100 |
| 669  |  0  |      16 |     -52 |      48 |    1128 |     100 |
| 670  |  0  |      16 |      48 |      48 |    1128 |     100 |
| 671  |  0  |      17 |      48 |      48 |    1128 |     100 |
| 672  |  0  |      17 |      48 |      48 |    1176 |     100 |
| 673  |  0  |      16 |      48 |      48 |    1176 |     100 |
| 674  |  0  |      16 |      48 |      49 |    1176 |     100 |
| 675  |  0  |       4 |      48 |      49 |    1176 |     100 |
| 676  |  0  |       4 |      48 |      49 |    1176 |     100 |
| 677  |  0  |      16 |      48 |      49 |    1176 |     100 |
| 678  |  0  |      16 |      49 |      49 |    1176 |     100 |
| 679  |  0  |      18 |      49 |      49 |    1176 |     100 |
| 680  |  0  |      18 |     -51 |      49 |    1176 |     100 |
| 681  |  0  |      18 |     -51 |      49 |    1176 |     100 |
| 682  |  0  |      18 |     -51 |      49 |    1176 |     100 |
| 683  |  0  |      16 |     -51 |      49 |    1176 |     100 |
| 684  |  0  |      16 |      49 |      49 |    1176 |     100 |
| 685  |  0  |      17 |      49 |      49 |    1176 |     100 |
| 686  |  0  |      17 |      49 |      49 |    1225 |     100 |
| 687  |  0  |      16 |      49 |      49 |    1225 |     100 |
| 688  |  0  |      16 |      49 |      50 |    1225 |     100 |
| 689  |  0  |       4 |      49 |      50 |    1225 |     100 |
| 690  |  0  |       4 |      49 |      50 |    1225 |     100 |
| 691  |  0  |      16 |      49 |      50 |    1225 |     100 |
| 692  |  0  |      16 |      50 |      50 |    1225 |     100 |
| 693  |  0  |      18 |      50 |      50 |    1225 |     100 |
| 694  |  0  |      18 |     -50 |      50 |    1225 |     100 |
| 695  |  0  |      18 |     -50 |      50 |    1225 |     100 |
| 696  |  0  |      18 |     -50 |      50 |    1225 |     100 |
| 697  |  0  |      16 |     -50 |      50 |    1225 |     100 |
| 698  |  0  |      16 |      50 |      50 |    1225 |     100 |
| 699  |  0  |      17 |      50 |      50 |    1225 |     100 |
| 700  |  0  |      17 |      50 |      50 |    1275 |     100 |
| 701  |  0  |      16 |      50 |      50 |    1275 |     100 |
| 702  |  0  |      16 |      50 |      51 |    1275 |     100 |
| 703  |  0  |       4 |      50 |      51 |    1275 |     100 |
| 704  |  0  |       4 |      50 |      51 |    1275 |     100 |
| 705  |  0  |      16 |      50 |      51 |    1275 |     100 |
| 706  |  0  |      16 |      51 |      51 |    1275 |     100 |
| 707  |  0  |      18 |      51 |      51 |    1275 |     100 |
| 708  |  0  |      18 |     -49 |      51 |    1275 |     100 |
| 709  |  0  |      18 |     -49 |      51 |    1275 |     100 |
| 710  |  0  |      18 |     -49 |      51 |    1275 |     100 |
| 711  |  0  |      16 |     -49 |      51 |    1275 |     100 |
| 712  |  0  |      16 |      51 |      51 |    1275 |     100 |
| 713  |  0  |      17 |      51 |      51 |    1275 |     100 |
| 714  |  0  |      17 |      51 |      51 |    1326 |     100 |
| 715  |  0  |      16 |      51 |      51 |    1326 |     100 |
| 716  |  0  |      16 |      51 |      52 |    1326 |     100 |
| 717  |  0  |       4 |      51 |      52 |    1326 |     100 |
| 718  |  0  |       4 |      51 |      52 |    1326 |     100 |
| 719  |  0  |      16 |      51 |      52 |    1326 |     100 |
| 720  |  0  |      16 |      52 |      52 |    1326 |     100 |
| 721  |  0  |      18 |      52 |      52 |    1326 |     100 |
| 722  |  0  |      18 |     -48 |      52 |    1326 |     100 |
| 723  |  0  |      18 |     -48 |      52 |    1326 |     100 |
| 724  |  0  |      18 |     -48 |      52 |    1326 |     100 |
| 725  |  0  |      16 |     -48 |      52 |    1326 |     100 |
| 726  |  0  |      16 |      52 |      52 |    1326 |     100 |
| 727  |  0  |      17 |      52 |      52 |    1326 |     100 |
| 728  |  0  |      17 |      52 |      52 |    1378 |     100 |
| 729  |  0  |      16 |      52 |      52 |    1378 |     100 |
| 730  |  0  |      16 |      52 |      53 |    1378 |     100 |
| 731  |  0  |       4 |      52 |      53 |    1378 |     100 |
| 732  |  0  |       4 |      52 |      53 |    1378 |     100 |
| 733  |  0  |      16 |      52 |      53 |    1378 |     100 |
| 734  |  0  |      16 |      53 |      53 |    1378 |     100 |
| 735  |  0  |      18 |      53 |      53 |    1378 |     100 |
| 736  |  0  |      18 |     -47 |      53 |    1378 |     100 |
| 737  |  0  |      18 |     -47 |      53 |    1378 |     100 |
| 738  |  0  |      18 |     -47 |      53 |    1378 |     100 |
| 739  |  0  |      16 |     -47 |      53 |    1378 |     100 |
| 740  |  0  |      16 |      53 |      53 |    1378 |     100 |
| 741  |  0  |      17 |      53 |      53 |    1378 |     100 |
| 742  |  0  |      17 |      53 |      53 |    1431 |     100 |
| 743  |  0  |      16 |      53 |      53 |    1431 |     100 |
| 744  |  0  |      16 |      53 |      54 |    1431 |     100 |
| 745  |  0  |       4 |      53 |      54 |    1431 |     100 |
| 746  |  0  |       4 |      53 |      54 |    1431 |     100 |
| 747  |  0  |      16 |      53 |      54 |    1431 |     100 |
| 748  |  0  |      16 |      54 |      54 |    1431 |     100 |
| 749  |  0  |      18 |      54 |      54 |    1431 |     100 |
| 750  |  0  |      18 |     -46 |      54 |    1431 |     100 |
| 751  |  0  |      18 |     -46 |      54 |    1431 |     100 |
| 752  |  0  |      18 |     -46 |      54 |    1431 |     100 |
| 753  |  0  |      16 |     -46 |      54 |    1431 |     100 |
| 754  |  0  |      16 |      54 |      54 |    1431 |     100 |
| 755  |  0  |      17 |      54 |      54 |    1431 |     100 |
| 756  |  0  |      17 |      54 |      54 |    1485 |     100 |
| 757  |  0  |      16 |      54 |      54 |    1485 |     100 |
| 758  |  0  |      16 |      54 |      55 |    1485 |     100 |
| 759  |  0  |       4 |      54 |      55 |    1485 |     100 |
| 760  |  0  |       4 |      54 |      55 |    1485 |     100 |
| 761  |  0  |      16 |      54 |      55 |    1485 |     100 |
| 762  |  0  |      16 |      55 |      55 |    1485 |     100 |
| 763  |  0  |      18 |      55 |      55 |    1485 |     100 |
| 764  |  0  |      18 |     -45 |      55 |    1485 |     100 |
| 765  |  0  |      18 |     -45 |      55 |    1485 |     100 |
| 766  |  0  |      18 |     -45 |      55 |    1485 |     100 |
| 767  |  0  |      16 |     -45 |      55 |    1485 |     100 |
| 768  |  0  |      16 |      55 |      55 |    1485 |     100 |
| 769  |  0  |      17 |      55 |      55 |    1485 |     100 |
| 770  |  0  |      17 |      55 |      55 |    1540 |     100 |
| 771  |  0  |      16 |      55 |      55 |    1540 |     100 |
| 772  |  0  |      16 |      55 |      56 |    1540 |     100 |
| 773  |  0  |       4 |      55 |      56 |    1540 |     100 |
| 774  |  0  |       4 |      55 |      56 |    1540 |     100 |
| 775  |  0  |      16 |      55 |      56 |    1540 |     100 |
| 776  |  0  |      16 |      56 |      56 |    1540 |     100 |
| 777  |  0  |      18 |      56 |      56 |    1540 |     100 |
| 778  |  0  |      18 |     -44 |      56 |    1540 |     100 |
| 779  |  0  |      18 |     -44 |      56 |    1540 |     100 |
| 780  |  0  |      18 |     -44 |      56 |    1540 |     100 |
| 781  |  0  |      16 |     -44 |      56 |    1540 |     100 |
| 782  |  0  |      16 |      56 |      56 |    1540 |     100 |
| 783  |  0  |      17 |      56 |      56 |    1540 |     100 |
| 784  |  0  |      17 |      56 |      56 |    1596 |     100 |
| 785  |  0  |      16 |      56 |      56 |    1596 |     100 |
| 786  |  0  |      16 |      56 |      57 |    1596 |     100 |
| 787  |  0  |       4 |      56 |      57 |    1596 |     100 |
| 788  |  0  |       4 |      56 |      57 |    1596 |     100 |
| 789  |  0  |      16 |      56 |      57 |    1596 |     100 |
| 790  |  0  |      16 |      57 |      57 |    1596 |     100 |
| 791  |  0  |      18 |      57 |      57 |    1596 |     100 |
| 792  |  0  |      18 |     -43 |      57 |    1596 |     100 |
| 793  |  0  |      18 |     -43 |      57 |    1596 |     100 |
| 794  |  0  |      18 |     -43 |      57 |    1596 |     100 |
| 795  |  0  |      16 |     -43 |      57 |    1596 |     100 |
| 796  |  0  |      16 |      57 |      57 |    1596 |     100 |
| 797  |  0  |      17 |      57 |      57 |    1596 |     100 |
| 798  |  0  |      17 |      57 |      57 |    1653 |     100 |
| 799  |  0  |      16 |      57 |      57 |    1653 |     100 |
| 800  |  0  |      16 |      57 |      58 |    1653 |     100 |
| 801  |  0  |       4 |      57 |      58 |    1653 |     100 |
| 802  |  0  |       4 |      57 |      58 |    1653 |     100 |
| 803  |  0  |      16 |      57 |      58 |    1653 |     100 |
| 804  |  0  |      16 |      58 |      58 |    1653 |     100 |
| 805  |  0  |      18 |      58 |      58 |    1653 |     100 |
| 806  |  0  |      18 |     -42 |      58 |    1653 |     100 |
| 807  |  0  |      18 |     -42 |      58 |    1653 |     100 |
| 808  |  0  |      18 |     -42 |      58 |    1653 |     100 |
| 809  |  0  |      16 |     -42 |      58 |    1653 |     100 |
| 810  |  0  |      16 |      58 |      58 |    1653 |     100 |
| 811  |  0  |      17 |      58 |      58 |    1653 |     100 |
| 812  |  0  |      17 |      58 |      58 |    1711 |     100 |
| 813  |  0  |      16 |      58 |      58 |    1711 |     100 |
| 814  |  0  |      16 |      58 |      59 |    1711 |     100 |
| 815  |  0  |       4 |      58 |      59 |    1711 |     100 |
| 816  |  0  |       4 |      58 |      59 |    1711 |     100 |
| 817  |  0  |      16 |      58 |      59 |    1711 |     100 |
| 818  |  0  |      16 |      59 |      59 |    1711 |     100 |
| 819  |  0  |      18 |      59 |      59 |    1711 |     100 |
| 820  |  0  |      18 |     -41 |      59 |    1711 |     100 |
| 821  |  0  |      18 |     -41 |      59 |    1711 |     100 |
| 822  |  0  |      18 |     -41 |      59 |    1711 |     100 |
| 823  |  0  |      16 |     -41 |      59 |    1711 |     100 |
| 824  |  0  |      16 |      59 |      59 |    1711 |     100 |
| 825  |  0  |      17 |      59 |      59 |    1711 |     100 |
| 826  |  0  |      17 |      59 |      59 |    1770 |     100 |
| 827  |  0  |      16 |      59 |      59 |    1770 |     100 |
| 828  |  0  |      16 |      59 |      60 |    1770 |     100 |
| 829  |  0  |       4 |      59 |      60 |    1770 |     100 |
| 830  |  0  |       4 |      59 |      60 |    1770 |     100 |
| 831  |  0  |      16 |      59 |      60 |    1770 |     100 |
| 832  |  0  |      16 |      60 |      60 |    1770 |     100 |
| 833  |  0  |      18 |      60 |      60 |    1770 |     100 |
| 834  |  0  |      18 |     -40 |      60 |    1770 |     100 |
| 835  |  0  |      18 |     -40 |      60 |    1770 |     100 |
| 836  |  0  |      18 |     -40 |      60 |    1770 |     100 |
| 837  |  0  |      16 |     -40 |      60 |    1770 |     100 |
| 838  |  0  |      16 |      60 |      60 |    1770 |     100 |
| 839  |  0  |      17 |      60 |      60 |    1770 |     100 |
| 840  |  0  |      17 |      60 |      60 |    1830 |     100 |
| 841  |  0  |      16 |      60 |      60 |    1830 |     100 |
| 842  |  0  |      16 |      60 |      61 |    1830 |     100 |
| 843  |  0  |       4 |      60 |      61 |    1830 |     100 |
| 844  |  0  |       4 |      60 |      61 |    1830 |     100 |
| 845  |  0  |      16 |      60 |      61 |    1830 |     100 |
| 846  |  0  |      16 |      61 |      61 |    1830 |     100 |
| 847  |  0  |      18 |      61 |      61 |    1830 |     100 |
| 848  |  0  |      18 |     -39 |      61 |    1830 |     100 |
| 849  |  0  |      18 |     -39 |      61 |    1830 |     100 |
| 850  |  0  |      18 |     -39 |      61 |    1830 |     100 |
| 851  |  0  |      16 |     -39 |      61 |    1830 |     100 |
| 852  |  0  |      16 |      61 |      61 |    1830 |     100 |
| 853  |  0  |      17 |      61 |      61 |    1830 |     100 |
| 854  |  0  |      17 |      61 |      61 |    1891 |     100 |
| 855  |  0  |      16 |      61 |      61 |    1891 |     100 |
| 856  |  0  |      16 |      61 |      62 |    1891 |     100 |
| 857  |  0  |       4 |      61 |      62 |    1891 |     100 |
| 858  |  0  |       4 |      61 |      62 |    1891 |     100 |
| 859  |  0  |      16 |      61 |      62 |    1891 |     100 |
| 860  |  0  |      16 |      62 |      62 |    1891 |     100 |
| 861  |  0  |      18 |      62 |      62 |    1891 |     100 |
| 862  |  0  |      18 |     -38 |      62 |    1891 |     100 |
| 863  |  0  |      18 |     -38 |      62 |    1891 |     100 |
| 864  |  0  |      18 |     -38 |      62 |    1891 |     100 |
| 865  |  0  |      16 |     -38 |      62 |    1891 |     100 |
| 866  |  0  |      16 |      62 |      62 |    1891 |     100 |
| 867  |  0  |      17 |      62 |      62 |    1891 |     100 |
| 868  |  0  |      17 |      62 |      62 |    1953 |     100 |
| 869  |  0  |      16 |      62 |      62 |    1953 |     100 |
| 870  |  0  |      16 |      62 |      63 |    1953 |     100 |
| 871  |  0  |       4 |      62 |      63 |    1953 |     100 |
| 872  |  0  |       4 |      62 |      63 |    1953 |     100 |
| 873  |  0  |      16 |      62 |      63 |    1953 |     100 |
| 874  |  0  |      16 |      63 |      63 |    1953 |     100 |
| 875  |  0  |      18 |      63 |      63 |    1953 |     100 |
| 876  |  0  |      18 |     -37 |      63 |    1953 |     100 |
| 877  |  0  |      18 |     -37 |      63 |    1953 |     100 |
| 878  |  0  |      18 |     -37 |      63 |    1953 |     100 |
| 879  |  0  |      16 |     -37 |      63 |    1953 |     100 |
| 880  |  0  |      16 |      63 |      63 |    1953 |     100 |
| 881  |  0  |      17 |      63 |      63 |    1953 |     100 |
| 882  |  0  |      17 |      63 |      63 |    2016 |     100 |
| 883  |  0  |      16 |      63 |      63 |    2016 |     100 |
| 884  |  0  |      16 |      63 |      64 |    2016 |     100 |
| 885  |  0  |       4 |      63 |      64 |    2016 |     100 |
| 886  |  0  |       4 |      63 |      64 |    2016 |     100 |
| 887  |  0  |      16 |      63 |      64 |    2016 |     100 |
| 888  |  0  |      16 |      64 |      64 |    2016 |     100 |
| 889  |  0  |      18 |      64 |      64 |    2016 |     100 |
| 890  |  0  |      18 |     -36 |      64 |    2016 |     100 |
| 891  |  0  |      18 |     -36 |      64 |    2016 |     100 |
| 892  |  0  |      18 |     -36 |      64 |    2016 |     100 |
| 893  |  0  |      16 |     -36 |      64 |    2016 |     100 |
| 894  |  0  |      16 |      64 |      64 |    2016 |     100 |
| 895  |  0  |      17 |      64 |      64 |    2016 |     100 |
| 896  |  0  |      17 |      64 |      64 |    2080 |     100 |
| 897  |  0  |      16 |      64 |      64 |    2080 |     100 |
| 898  |  0  |      16 |      64 |      65 |    2080 |     100 |
| 899  |  0  |       4 |      64 |      65 |    2080 |     100 |
| 900  |  0  |       4 |      64 |      65 |    2080 |     100 |
| 901  |  0  |      16 |      64 |      65 |    2080 |     100 |
| 902  |  0  |      16 |      65 |      65 |    2080 |     100 |
| 903  |  0  |      18 |      65 |      65 |    2080 |     100 |
| 904  |  0  |      18 |     -35 |      65 |    2080 |     100 |
| 905  |  0  |      18 |     -35 |      65 |    2080 |     100 |
| 906  |  0  |      18 |     -35 |      65 |    2080 |     100 |
| 907  |  0  |      16 |     -35 |      65 |    2080 |     100 |
| 908  |  0  |      16 |      65 |      65 |    2080 |     100 |
| 909  |  0  |      17 |      65 |      65 |    2080 |     100 |
| 910  |  0  |      17 |      65 |      65 |    2145 |     100 |
| 911  |  0  |      16 |      65 |      65 |    2145 |     100 |
| 912  |  0  |      16 |      65 |      66 |    2145 |     100 |
| 913  |  0  |       4 |      65 |      66 |    2145 |     100 |
| 914  |  0  |       4 |      65 |      66 |    2145 |     100 |
| 915  |  0  |      16 |      65 |      66 |    2145 |     100 |
| 916  |  0  |      16 |      66 |      66 |    2145 |     100 |
| 917  |  0  |      18 |      66 |      66 |    2145 |     100 |
| 918  |  0  |      18 |     -34 |      66 |    2145 |     100 |
| 919  |  0  |      18 |     -34 |      66 |    2145 |     100 |
| 920  |  0  |      18 |     -34 |      66 |    2145 |     100 |
| 921  |  0  |      16 |     -34 |      66 |    2145 |     100 |
| 922  |  0  |      16 |      66 |      66 |    2145 |     100 |
| 923  |  0  |      17 |      66 |      66 |    2145 |     100 |
| 924  |  0  |      17 |      66 |      66 |    2211 |     100 |
| 925  |  0  |      16 |      66 |      66 |    2211 |     100 |
| 926  |  0  |      16 |      66 |      67 |    2211 |     100 |
| 927  |  0  |       4 |      66 |      67 |    2211 |     100 |
| 928  |  0  |       4 |      66 |      67 |    2211 |     100 |
| 929  |  0  |      16 |      66 |      67 |    2211 |     100 |
| 930  |  0  |      16 |      67 |      67 |    2211 |     100 |
| 931  |  0  |      18 |      67 |      67 |    2211 |     100 |
| 932  |  0  |      18 |     -33 |      67 |    2211 |     100 |
| 933  |  0  |      18 |     -33 |      67 |    2211 |     100 |
| 934  |  0  |      18 |     -33 |      67 |    2211 |     100 |
| 935  |  0  |      16 |     -33 |      67 |    2211 |     100 |
| 936  |  0  |      16 |      67 |      67 |    2211 |     100 |
| 937  |  0  |      17 |      67 |      67 |    2211 |     100 |
| 938  |  0  |      17 |      67 |      67 |    2278 |     100 |
| 939  |  0  |      16 |      67 |      67 |    2278 |     100 |
| 940  |  0  |      16 |      67 |      68 |    2278 |     100 |
| 941  |  0  |       4 |      67 |      68 |    2278 |     100 |
| 942  |  0  |       4 |      67 |      68 |    2278 |     100 |
| 943  |  0  |      16 |      67 |      68 |    2278 |     100 |
| 944  |  0  |      16 |      68 |      68 |    2278 |     100 |
| 945  |  0  |      18 |      68 |      68 |    2278 |     100 |
| 946  |  0  |      18 |     -32 |      68 |    2278 |     100 |
| 947  |  0  |      18 |     -32 |      68 |    2278 |     100 |
| 948  |  0  |      18 |     -32 |      68 |    2278 |     100 |
| 949  |  0  |      16 |     -32 |      68 |    2278 |     100 |
| 950  |  0  |      16 |      68 |      68 |    2278 |     100 |
| 951  |  0  |      17 |      68 |      68 |    2278 |     100 |
| 952  |  0  |      17 |      68 |      68 |    2346 |     100 |
| 953  |  0  |      16 |      68 |      68 |    2346 |     100 |
| 954  |  0  |      16 |      68 |      69 |    2346 |     100 |
| 955  |  0  |       4 |      68 |      69 |    2346 |     100 |
| 956  |  0  |       4 |      68 |      69 |    2346 |     100 |
| 957  |  0  |      16 |      68 |      69 |    2346 |     100 |
| 958  |  0  |      16 |      69 |      69 |    2346 |     100 |
| 959  |  0  |      18 |      69 |      69 |    2346 |     100 |
| 960  |  0  |      18 |     -31 |      69 |    2346 |     100 |
| 961  |  0  |      18 |     -31 |      69 |    2346 |     100 |
| 962  |  0  |      18 |     -31 |      69 |    2346 |     100 |
| 963  |  0  |      16 |     -31 |      69 |    2346 |     100 |
| 964  |  0  |      16 |      69 |      69 |    2346 |     100 |
| 965  |  0  |      17 |      69 |      69 |    2346 |     100 |
| 966  |  0  |      17 |      69 |      69 |    2415 |     100 |
| 967  |  0  |      16 |      69 |      69 |    2415 |     100 |
| 968  |  0  |      16 |      69 |      70 |    2415 |     100 |
| 969  |  0  |       4 |      69 |      70 |    2415 |     100 |
| 970  |  0  |       4 |      69 |      70 |    2415 |     100 |
| 971  |  0  |      16 |      69 |      70 |    2415 |     100 |
| 972  |  0  |      16 |      70 |      70 |    2415 |     100 |
| 973  |  0  |      18 |      70 |      70 |    2415 |     100 |
| 974  |  0  |      18 |     -30 |      70 |    2415 |     100 |
| 975  |  0  |      18 |     -30 |      70 |    2415 |     100 |
| 976  |  0  |      18 |     -30 |      70 |    2415 |     100 |
| 977  |  0  |      16 |     -30 |      70 |    2415 |     100 |
| 978  |  0  |      16 |      70 |      70 |    2415 |     100 |
| 979  |  0  |      17 |      70 |      70 |    2415 |     100 |
| 980  |  0  |      17 |      70 |      70 |    2485 |     100 |
| 981  |  0  |      16 |      70 |      70 |    2485 |     100 |
| 982  |  0  |      16 |      70 |      71 |    2485 |     100 |
| 983  |  0  |       4 |      70 |      71 |    2485 |     100 |
| 984  |  0  |       4 |      70 |      71 |    2485 |     100 |
| 985  |  0  |      16 |      70 |      71 |    2485 |     100 |
| 986  |  0  |      16 |      71 |      71 |    2485 |     100 |
| 987  |  0  |      18 |      71 |      71 |    2485 |     100 |
| 988  |  0  |      18 |     -29 |      71 |    2485 |     100 |
| 989  |  0  |      18 |     -29 |      71 |    2485 |     100 |
| 990  |  0  |      18 |     -29 |      71 |    2485 |     100 |
| 991  |  0  |      16 |     -29 |      71 |    2485 |     100 |
| 992  |  0  |      16 |      71 |      71 |    2485 |     100 |
| 993  |  0  |      17 |      71 |      71 |    2485 |     100 |
| 994  |  0  |      17 |      71 |      71 |    2556 |     100 |
| 995  |  0  |      16 |      71 |      71 |    2556 |     100 |
| 996  |  0  |      16 |      71 |      72 |    2556 |     100 |
| 997  |  0  |       4 |      71 |      72 |    2556 |     100 |
| 998  |  0  |       4 |      71 |      72 |    2556 |     100 |
| 999  |  0  |      16 |      71 |      72 |    2556 |     100 |
| 000  |  0  |      16 |      72 |      72 |    2556 |     100 |
| 001  |  0  |      18 |      72 |      72 |    2556 |     100 |
| 002  |  0  |      18 |     -28 |      72 |    2556 |     100 |
| 003  |  0  |      18 |     -28 |      72 |    2556 |     100 |
| 004  |  0  |      18 |     -28 |      72 |    2556 |     100 |
| 005  |  0  |      16 |     -28 |      72 |    2556 |     100 |
| 006  |  0  |      16 |      72 |      72 |    2556 |     100 |
| 007  |  0  |      17 |      72 |      72 |    2556 |     100 |
| 008  |  0  |      17 |      72 |      72 |    2628 |     100 |
| 009  |  0  |      16 |      72 |      72 |    2628 |     100 |
| 010  |  0  |      16 |      72 |      73 |    2628 |     100 |
| 011  |  0  |       4 |      72 |      73 |    2628 |     100 |
| 012  |  0  |       4 |      72 |      73 |    2628 |     100 |
| 013  |  0  |      16 |      72 |      73 |    2628 |     100 |
| 014  |  0  |      16 |      73 |      73 |    2628 |     100 |
| 015  |  0  |      18 |      73 |      73 |    2628 |     100 |
| 016  |  0  |      18 |     -27 |      73 |    2628 |     100 |
| 017  |  0  |      18 |     -27 |      73 |    2628 |     100 |
| 018  |  0  |      18 |     -27 |      73 |    2628 |     100 |
| 019  |  0  |      16 |     -27 |      73 |    2628 |     100 |
| 020  |  0  |      16 |      73 |      73 |    2628 |     100 |
| 021  |  0  |      17 |      73 |      73 |    2628 |     100 |
| 022  |  0  |      17 |      73 |      73 |    2701 |     100 |
| 023  |  0  |      16 |      73 |      73 |    2701 |     100 |
| 024  |  0  |      16 |      73 |      74 |    2701 |     100 |
| 025  |  0  |       4 |      73 |      74 |    2701 |     100 |
| 026  |  0  |       4 |      73 |      74 |    2701 |     100 |
| 027  |  0  |      16 |      73 |      74 |    2701 |     100 |
| 028  |  0  |      16 |      74 |      74 |    2701 |     100 |
| 029  |  0  |      18 |      74 |      74 |    2701 |     100 |
| 030  |  0  |      18 |     -26 |      74 |    2701 |     100 |
| 031  |  0  |      18 |     -26 |      74 |    2701 |     100 |
| 032  |  0  |      18 |     -26 |      74 |    2701 |     100 |
| 033  |  0  |      16 |     -26 |      74 |    2701 |     100 |
| 034  |  0  |      16 |      74 |      74 |    2701 |     100 |
| 035  |  0  |      17 |      74 |      74 |    2701 |     100 |
| 036  |  0  |      17 |      74 |      74 |    2775 |     100 |
| 037  |  0  |      16 |      74 |      74 |    2775 |     100 |
| 038  |  0  |      16 |      74 |      75 |    2775 |     100 |
| 039  |  0  |       4 |      74 |      75 |    2775 |     100 |
| 040  |  0  |       4 |      74 |      75 |    2775 |     100 |
| 041  |  0  |      16 |      74 |      75 |    2775 |     100 |
| 042  |  0  |      16 |      75 |      75 |    2775 |     100 |
| 043  |  0  |      18 |      75 |      75 |    2775 |     100 |
| 044  |  0  |      18 |     -25 |      75 |    2775 |     100 |
| 045  |  0  |      18 |     -25 |      75 |    2775 |     100 |
| 046  |  0  |      18 |     -25 |      75 |    2775 |     100 |
| 047  |  0  |      16 |     -25 |      75 |    2775 |     100 |
| 048  |  0  |      16 |      75 |      75 |    2775 |     100 |
| 049  |  0  |      17 |      75 |      75 |    2775 |     100 |
| 050  |  0  |      17 |      75 |      75 |    2850 |     100 |
| 051  |  0  |      16 |      75 |      75 |    2850 |     100 |
| 052  |  0  |      16 |      75 |      76 |    2850 |     100 |
| 053  |  0  |       4 |      75 |      76 |    2850 |     100 |
| 054  |  0  |       4 |      75 |      76 |    2850 |     100 |
| 055  |  0  |      16 |      75 |      76 |    2850 |     100 |
| 056  |  0  |      16 |      76 |      76 |    2850 |     100 |
| 057  |  0  |      18 |      76 |      76 |    2850 |     100 |
| 058  |  0  |      18 |     -24 |      76 |    2850 |     100 |
| 059  |  0  |      18 |     -24 |      76 |    2850 |     100 |
| 060  |  0  |      18 |     -24 |      76 |    2850 |     100 |
| 061  |  0  |      16 |     -24 |      76 |    2850 |     100 |
| 062  |  0  |      16 |      76 |      76 |    2850 |     100 |
| 063  |  0  |      17 |      76 |      76 |    2850 |     100 |
| 064  |  0  |      17 |      76 |      76 |    2926 |     100 |
| 065  |  0  |      16 |      76 |      76 |    2926 |     100 |
| 066  |  0  |      16 |      76 |      77 |    2926 |     100 |
| 067  |  0  |       4 |      76 |      77 |    2926 |     100 |
| 068  |  0  |       4 |      76 |      77 |    2926 |     100 |
| 069  |  0  |      16 |      76 |      77 |    2926 |     100 |
| 070  |  0  |      16 |      77 |      77 |    2926 |     100 |
| 071  |  0  |      18 |      77 |      77 |    2926 |     100 |
| 072  |  0  |      18 |     -23 |      77 |    2926 |     100 |
| 073  |  0  |      18 |     -23 |      77 |    2926 |     100 |
| 074  |  0  |      18 |     -23 |      77 |    2926 |     100 |
| 075  |  0  |      16 |     -23 |      77 |    2926 |     100 |
| 076  |  0  |      16 |      77 |      77 |    2926 |     100 |
| 077  |  0  |      17 |      77 |      77 |    2926 |     100 |
| 078  |  0  |      17 |      77 |      77 |    3003 |     100 |
| 079  |  0  |      16 |      77 |      77 |    3003 |     100 |
| 080  |  0  |      16 |      77 |      78 |    3003 |     100 |
| 081  |  0  |       4 |      77 |      78 |    3003 |     100 |
| 082  |  0  |       4 |      77 |      78 |    3003 |     100 |
| 083  |  0  |      16 |      77 |      78 |    3003 |     100 |
| 084  |  0  |      16 |      78 |      78 |    3003 |     100 |
| 085  |  0  |      18 |      78 |      78 |    3003 |     100 |
| 086  |  0  |      18 |     -22 |      78 |    3003 |     100 |
| 087  |  0  |      18 |     -22 |      78 |    3003 |     100 |
| 088  |  0  |      18 |     -22 |      78 |    3003 |     100 |
| 089  |  0  |      16 |     -22 |      78 |    3003 |     100 |
| 090  |  0  |      16 |      78 |      78 |    3003 |     100 |
| 091  |  0  |      17 |      78 |      78 |    3003 |     100 |
| 092  |  0  |      17 |      78 |      78 |    3081 |     100 |
| 093  |  0  |      16 |      78 |      78 |    3081 |     100 |
| 094  |  0  |      16 |      78 |      79 |    3081 |     100 |
| 095  |  0  |       4 |      78 |      79 |    3081 |     100 |
| 096  |  0  |       4 |      78 |      79 |    3081 |     100 |
| 097  |  0  |      16 |      78 |      79 |    3081 |     100 |
| 098  |  0  |      16 |      79 |      79 |    3081 |     100 |
| 099  |  0  |      18 |      79 |      79 |    3081 |     100 |
| 100  |  0  |      18 |     -21 |      79 |    3081 |     100 |
| 101  |  0  |      18 |     -21 |      79 |    3081 |     100 |
| 102  |  0  |      18 |     -21 |      79 |    3081 |     100 |
| 103  |  0  |      16 |     -21 |      79 |    3081 |     100 |
| 104  |  0  |      16 |      79 |      79 |    3081 |     100 |
| 105  |  0  |      17 |      79 |      79 |    3081 |     100 |
| 106  |  0  |      17 |      79 |      79 |    3160 |     100 |
| 107  |  0  |      16 |      79 |      79 |    3160 |     100 |
| 108  |  0  |      16 |      79 |      80 |    3160 |     100 |
| 109  |  0  |       4 |      79 |      80 |    3160 |     100 |
| 110  |  0  |       4 |      79 |      80 |    3160 |     100 |
| 111  |  0  |      16 |      79 |      80 |    3160 |     100 |
| 112  |  0  |      16 |      80 |      80 |    3160 |     100 |
| 113  |  0  |      18 |      80 |      80 |    3160 |     100 |
| 114  |  0  |      18 |     -20 |      80 |    3160 |     100 |
| 115  |  0  |      18 |     -20 |      80 |    3160 |     100 |
| 116  |  0  |      18 |     -20 |      80 |    3160 |     100 |
| 117  |  0  |      16 |     -20 |      80 |    3160 |     100 |
| 118  |  0  |      16 |      80 |      80 |    3160 |     100 |
| 119  |  0  |      17 |      80 |      80 |    3160 |     100 |
| 120  |  0  |      17 |      80 |      80 |    3240 |     100 |
| 121  |  0  |      16 |      80 |      80 |    3240 |     100 |
| 122  |  0  |      16 |      80 |      81 |    3240 |     100 |
| 123  |  0  |       4 |      80 |      81 |    3240 |     100 |
| 124  |  0  |       4 |      80 |      81 |    3240 |     100 |
| 125  |  0  |      16 |      80 |      81 |    3240 |     100 |
| 126  |  0  |      16 |      81 |      81 |    3240 |     100 |
| 127  |  0  |      18 |      81 |      81 |    3240 |     100 |
| 128  |  0  |      18 |     -19 |      81 |    3240 |     100 |
| 129  |  0  |      18 |     -19 |      81 |    3240 |     100 |
| 130  |  0  |      18 |     -19 |      81 |    3240 |     100 |
| 131  |  0  |      16 |     -19 |      81 |    3240 |     100 |
| 132  |  0  |      16 |      81 |      81 |    3240 |     100 |
| 133  |  0  |      17 |      81 |      81 |    3240 |     100 |
| 134  |  0  |      17 |      81 |      81 |    3321 |     100 |
| 135  |  0  |      16 |      81 |      81 |    3321 |     100 |
| 136  |  0  |      16 |      81 |      82 |    3321 |     100 |
| 137  |  0  |       4 |      81 |      82 |    3321 |     100 |
| 138  |  0  |       4 |      81 |      82 |    3321 |     100 |
| 139  |  0  |      16 |      81 |      82 |    3321 |     100 |
| 140  |  0  |      16 |      82 |      82 |    3321 |     100 |
| 141  |  0  |      18 |      82 |      82 |    3321 |     100 |
| 142  |  0  |      18 |     -18 |      82 |    3321 |     100 |
| 143  |  0  |      18 |     -18 |      82 |    3321 |     100 |
| 144  |  0  |      18 |     -18 |      82 |    3321 |     100 |
| 145  |  0  |      16 |     -18 |      82 |    3321 |     100 |
| 146  |  0  |      16 |      82 |      82 |    3321 |     100 |
| 147  |  0  |      17 |      82 |      82 |    3321 |     100 |
| 148  |  0  |      17 |      82 |      82 |    3403 |     100 |
| 149  |  0  |      16 |      82 |      82 |    3403 |     100 |
| 150  |  0  |      16 |      82 |      83 |    3403 |     100 |
| 151  |  0  |       4 |      82 |      83 |    3403 |     100 |
| 152  |  0  |       4 |      82 |      83 |    3403 |     100 |
| 153  |  0  |      16 |      82 |      83 |    3403 |     100 |
| 154  |  0  |      16 |      83 |      83 |    3403 |     100 |
| 155  |  0  |      18 |      83 |      83 |    3403 |     100 |
| 156  |  0  |      18 |     -17 |      83 |    3403 |     100 |
| 157  |  0  |      18 |     -17 |      83 |    3403 |     100 |
| 158  |  0  |      18 |     -17 |      83 |    3403 |     100 |
| 159  |  0  |      16 |     -17 |      83 |    3403 |     100 |
| 160  |  0  |      16 |      83 |      83 |    3403 |     100 |
| 161  |  0  |      17 |      83 |      83 |    3403 |     100 |
| 162  |  0  |      17 |      83 |      83 |    3486 |     100 |
| 163  |  0  |      16 |      83 |      83 |    3486 |     100 |
| 164  |  0  |      16 |      83 |      84 |    3486 |     100 |
| 165  |  0  |       4 |      83 |      84 |    3486 |     100 |
| 166  |  0  |       4 |      83 |      84 |    3486 |     100 |
| 167  |  0  |      16 |      83 |      84 |    3486 |     100 |
| 168  |  0  |      16 |      84 |      84 |    3486 |     100 |
| 169  |  0  |      18 |      84 |      84 |    3486 |     100 |
| 170  |  0  |      18 |     -16 |      84 |    3486 |     100 |
| 171  |  0  |      18 |     -16 |      84 |    3486 |     100 |
| 172  |  0  |      18 |     -16 |      84 |    3486 |     100 |
| 173  |  0  |      16 |     -16 |      84 |    3486 |     100 |
| 174  |  0  |      16 |      84 |      84 |    3486 |     100 |
| 175  |  0  |      17 |      84 |      84 |    3486 |     100 |
| 176  |  0  |      17 |      84 |      84 |    3570 |     100 |
| 177  |  0  |      16 |      84 |      84 |    3570 |     100 |
| 178  |  0  |      16 |      84 |      85 |    3570 |     100 |
| 179  |  0  |       4 |      84 |      85 |    3570 |     100 |
| 180  |  0  |       4 |      84 |      85 |    3570 |     100 |
| 181  |  0  |      16 |      84 |      85 |    3570 |     100 |
| 182  |  0  |      16 |      85 |      85 |    3570 |     100 |
| 183  |  0  |      18 |      85 |      85 |    3570 |     100 |
| 184  |  0  |      18 |     -15 |      85 |    3570 |     100 |
| 185  |  0  |      18 |     -15 |      85 |    3570 |     100 |
| 186  |  0  |      18 |     -15 |      85 |    3570 |     100 |
| 187  |  0  |      16 |     -15 |      85 |    3570 |     100 |
| 188  |  0  |      16 |      85 |      85 |    3570 |     100 |
| 189  |  0  |      17 |      85 |      85 |    3570 |     100 |
| 190  |  0  |      17 |      85 |      85 |    3655 |     100 |
| 191  |  0  |      16 |      85 |      85 |    3655 |     100 |
| 192  |  0  |      16 |      85 |      86 |    3655 |     100 |
| 193  |  0  |       4 |      85 |      86 |    3655 |     100 |
| 194  |  0  |       4 |      85 |      86 |    3655 |     100 |
| 195  |  0  |      16 |      85 |      86 |    3655 |     100 |
| 196  |  0  |      16 |      86 |      86 |    3655 |     100 |
| 197  |  0  |      18 |      86 |      86 |    3655 |     100 |
| 198  |  0  |      18 |     -14 |      86 |    3655 |     100 |
| 199  |  0  |      18 |     -14 |      86 |    3655 |     100 |
| 200  |  0  |      18 |     -14 |      86 |    3655 |     100 |
| 201  |  0  |      16 |     -14 |      86 |    3655 |     100 |
| 202  |  0  |      16 |      86 |      86 |    3655 |     100 |
| 203  |  0  |      17 |      86 |      86 |    3655 |     100 |
| 204  |  0  |      17 |      86 |      86 |    3741 |     100 |
| 205  |  0  |      16 |      86 |      86 |    3741 |     100 |
| 206  |  0  |      16 |      86 |      87 |    3741 |     100 |
| 207  |  0  |       4 |      86 |      87 |    3741 |     100 |
| 208  |  0  |       4 |      86 |      87 |    3741 |     100 |
| 209  |  0  |      16 |      86 |      87 |    3741 |     100 |
| 210  |  0  |      16 |      87 |      87 |    3741 |     100 |
| 211  |  0  |      18 |      87 |      87 |    3741 |     100 |
| 212  |  0  |      18 |     -13 |      87 |    3741 |     100 |
| 213  |  0  |      18 |     -13 |      87 |    3741 |     100 |
| 214  |  0  |      18 |     -13 |      87 |    3741 |     100 |
| 215  |  0  |      16 |     -13 |      87 |    3741 |     100 |
| 216  |  0  |      16 |      87 |      87 |    3741 |     100 |
| 217  |  0  |      17 |      87 |      87 |    3741 |     100 |
| 218  |  0  |      17 |      87 |      87 |    3828 |     100 |
| 219  |  0  |      16 |      87 |      87 |    3828 |     100 |
| 220  |  0  |      16 |      87 |      88 |    3828 |     100 |
| 221  |  0  |       4 |      87 |      88 |    3828 |     100 |
| 222  |  0  |       4 |      87 |      88 |    3828 |     100 |
| 223  |  0  |      16 |      87 |      88 |    3828 |     100 |
| 224  |  0  |      16 |      88 |      88 |    3828 |     100 |
| 225  |  0  |      18 |      88 |      88 |    3828 |     100 |
| 226  |  0  |      18 |     -12 |      88 |    3828 |     100 |
| 227  |  0  |      18 |     -12 |      88 |    3828 |     100 |
| 228  |  0  |      18 |     -12 |      88 |    3828 |     100 |
| 229  |  0  |      16 |     -12 |      88 |    3828 |     100 |
| 230  |  0  |      16 |      88 |      88 |    3828 |     100 |
| 231  |  0  |      17 |      88 |      88 |    3828 |     100 |
| 232  |  0  |      17 |      88 |      88 |    3916 |     100 |
| 233  |  0  |      16 |      88 |      88 |    3916 |     100 |
| 234  |  0  |      16 |      88 |      89 |    3916 |     100 |
| 235  |  0  |       4 |      88 |      89 |    3916 |     100 |
| 236  |  0  |       4 |      88 |      89 |    3916 |     100 |
| 237  |  0  |      16 |      88 |      89 |    3916 |     100 |
| 238  |  0  |      16 |      89 |      89 |    3916 |     100 |
| 239  |  0  |      18 |      89 |      89 |    3916 |     100 |
| 240  |  0  |      18 |     -11 |      89 |    3916 |     100 |
| 241  |  0  |      18 |     -11 |      89 |    3916 |     100 |
| 242  |  0  |      18 |     -11 |      89 |    3916 |     100 |
| 243  |  0  |      16 |     -11 |      89 |    3916 |     100 |
| 244  |  0  |      16 |      89 |      89 |    3916 |     100 |
| 245  |  0  |      17 |      89 |      89 |    3916 |     100 |
| 246  |  0  |      17 |      89 |      89 |    4005 |     100 |
| 247  |  0  |      16 |      89 |      89 |    4005 |     100 |
| 248  |  0  |      16 |      89 |      90 |    4005 |     100 |
| 249  |  0  |       4 |      89 |      90 |    4005 |     100 |
| 250  |  0  |       4 |      89 |      90 |    4005 |     100 |
| 251  |  0  |      16 |      89 |      90 |    4005 |     100 |
| 252  |  0  |      16 |      90 |      90 |    4005 |     100 |
| 253  |  0  |      18 |      90 |      90 |    4005 |     100 |
| 254  |  0  |      18 |     -10 |      90 |    4005 |     100 |
| 255  |  0  |      18 |     -10 |      90 |    4005 |     100 |
| 256  |  0  |      18 |     -10 |      90 |    4005 |     100 |
| 257  |  0  |      16 |     -10 |      90 |    4005 |     100 |
| 258  |  0  |      16 |      90 |      90 |    4005 |     100 |
| 259  |  0  |      17 |      90 |      90 |    4005 |     100 |
| 260  |  0  |      17 |      90 |      90 |    4095 |     100 |
| 261  |  0  |      16 |      90 |      90 |    4095 |     100 |
| 262  |  0  |      16 |      90 |      91 |    4095 |     100 |
| 263  |  0  |       4 |      90 |      91 |    4095 |     100 |
| 264  |  0  |       4 |      90 |      91 |    4095 |     100 |
| 265  |  0  |      16 |      90 |      91 |    4095 |     100 |
| 266  |  0  |      16 |      91 |      91 |    4095 |     100 |
| 267  |  0  |      18 |      91 |      91 |    4095 |     100 |
| 268  |  0  |      18 |      -9 |      91 |    4095 |     100 |
| 269  |  0  |      18 |      -9 |      91 |    4095 |     100 |
| 270  |  0  |      18 |      -9 |      91 |    4095 |     100 |
| 271  |  0  |      16 |      -9 |      91 |    4095 |     100 |
| 272  |  0  |      16 |      91 |      91 |    4095 |     100 |
| 273  |  0  |      17 |      91 |      91 |    4095 |     100 |
| 274  |  0  |      17 |      91 |      91 |    4186 |     100 |
| 275  |  0  |      16 |      91 |      91 |    4186 |     100 |
| 276  |  0  |      16 |      91 |      92 |    4186 |     100 |
| 277  |  0  |       4 |      91 |      92 |    4186 |     100 |
| 278  |  0  |       4 |      91 |      92 |    4186 |     100 |
| 279  |  0  |      16 |      91 |      92 |    4186 |     100 |
| 280  |  0  |      16 |      92 |      92 |    4186 |     100 |
| 281  |  0  |      18 |      92 |      92 |    4186 |     100 |
| 282  |  0  |      18 |      -8 |      92 |    4186 |     100 |
| 283  |  0  |      18 |      -8 |      92 |    4186 |     100 |
| 284  |  0  |      18 |      -8 |      92 |    4186 |     100 |
| 285  |  0  |      16 |      -8 |      92 |    4186 |     100 |
| 286  |  0  |      16 |      92 |      92 |    4186 |     100 |
| 287  |  0  |      17 |      92 |      92 |    4186 |     100 |
| 288  |  0  |      17 |      92 |      92 |    4278 |     100 |
| 289  |  0  |      16 |      92 |      92 |    4278 |     100 |
| 290  |  0  |      16 |      92 |      93 |    4278 |     100 |
| 291  |  0  |       4 |      92 |      93 |    4278 |     100 |
| 292  |  0  |       4 |      92 |      93 |    4278 |     100 |
| 293  |  0  |      16 |      92 |      93 |    4278 |     100 |
| 294  |  0  |      16 |      93 |      93 |    4278 |     100 |
| 295  |  0  |      18 |      93 |      93 |    4278 |     100 |
| 296  |  0  |      18 |      -7 |      93 |    4278 |     100 |
| 297  |  0  |      18 |      -7 |      93 |    4278 |     100 |
| 298  |  0  |      18 |      -7 |      93 |    4278 |     100 |
| 299  |  0  |      16 |      -7 |      93 |    4278 |     100 |
| 300  |  0  |      16 |      93 |      93 |    4278 |     100 |
| 301  |  0  |      17 |      93 |      93 |    4278 |     100 |
| 302  |  0  |      17 |      93 |      93 |    4371 |     100 |
| 303  |  0  |      16 |      93 |      93 |    4371 |     100 |
| 304  |  0  |      16 |      93 |      94 |    4371 |     100 |
| 305  |  0  |       4 |      93 |      94 |    4371 |     100 |
| 306  |  0  |       4 |      93 |      94 |    4371 |     100 |
| 307  |  0  |      16 |      93 |      94 |    4371 |     100 |
| 308  |  0  |      16 |      94 |      94 |    4371 |     100 |
| 309  |  0  |      18 |      94 |      94 |    4371 |     100 |
| 310  |  0  |      18 |      -6 |      94 |    4371 |     100 |
| 311  |  0  |      18 |      -6 |      94 |    4371 |     100 |
| 312  |  0  |      18 |      -6 |      94 |    4371 |     100 |
| 313  |  0  |      16 |      -6 |      94 |    4371 |     100 |
| 314  |  0  |      16 |      94 |      94 |    4371 |     100 |
| 315  |  0  |      17 |      94 |      94 |    4371 |     100 |
| 316  |  0  |      17 |      94 |      94 |    4465 |     100 |
| 317  |  0  |      16 |      94 |      94 |    4465 |     100 |
| 318  |  0  |      16 |      94 |      95 |    4465 |     100 |
| 319  |  0  |       4 |      94 |      95 |    4465 |     100 |
| 320  |  0  |       4 |      94 |      95 |    4465 |     100 |
| 321  |  0  |      16 |      94 |      95 |    4465 |     100 |
| 322  |  0  |      16 |      95 |      95 |    4465 |     100 |
| 323  |  0  |      18 |      95 |      95 |    4465 |     100 |
| 324  |  0  |      18 |      -5 |      95 |    4465 |     100 |
| 325  |  0  |      18 |      -5 |      95 |    4465 |     100 |
| 326  |  0  |      18 |      -5 |      95 |    4465 |     100 |
| 327  |  0  |      16 |      -5 |      95 |    4465 |     100 |
| 328  |  0  |      16 |      95 |      95 |    4465 |     100 |
| 329  |  0  |      17 |      95 |      95 |    4465 |     100 |
| 330  |  0  |      17 |      95 |      95 |    4560 |     100 |
| 331  |  0  |      16 |      95 |      95 |    4560 |     100 |
| 332  |  0  |      16 |      95 |      96 |    4560 |     100 |
| 333  |  0  |       4 |      95 |      96 |    4560 |     100 |
| 334  |  0  |       4 |      95 |      96 |    4560 |     100 |
| 335  |  0  |      16 |      95 |      96 |    4560 |     100 |
| 336  |  0  |      16 |      96 |      96 |    4560 |     100 |
| 337  |  0  |      18 |      96 |      96 |    4560 |     100 |
| 338  |  0  |      18 |      -4 |      96 |    4560 |     100 |
| 339  |  0  |      18 |      -4 |      96 |    4560 |     100 |
| 340  |  0  |      18 |      -4 |      96 |    4560 |     100 |
| 341  |  0  |      16 |      -4 |      96 |    4560 |     100 |
| 342  |  0  |      16 |      96 |      96 |    4560 |     100 |
| 343  |  0  |      17 |      96 |      96 |    4560 |     100 |
| 344  |  0  |      17 |      96 |      96 |    4656 |     100 |
| 345  |  0  |      16 |      96 |      96 |    4656 |     100 |
| 346  |  0  |      16 |      96 |      97 |    4656 |     100 |
| 347  |  0  |       4 |      96 |      97 |    4656 |     100 |
| 348  |  0  |       4 |      96 |      97 |    4656 |     100 |
| 349  |  0  |      16 |      96 |      97 |    4656 |     100 |
| 350  |  0  |      16 |      97 |      97 |    4656 |     100 |
| 351  |  0  |      18 |      97 |      97 |    4656 |     100 |
| 352  |  0  |      18 |      -3 |      97 |    4656 |     100 |
| 353  |  0  |      18 |      -3 |      97 |    4656 |     100 |
| 354  |  0  |      18 |      -3 |      97 |    4656 |     100 |
| 355  |  0  |      16 |      -3 |      97 |    4656 |     100 |
| 356  |  0  |      16 |      97 |      97 |    4656 |     100 |
| 357  |  0  |      17 |      97 |      97 |    4656 |     100 |
| 358  |  0  |      17 |      97 |      97 |    4753 |     100 |
| 359  |  0  |      16 |      97 |      97 |    4753 |     100 |
| 360  |  0  |      16 |      97 |      98 |    4753 |     100 |
| 361  |  0  |       4 |      97 |      98 |    4753 |     100 |
| 362  |  0  |       4 |      97 |      98 |    4753 |     100 |
| 363  |  0  |      16 |      97 |      98 |    4753 |     100 |
| 364  |  0  |      16 |      98 |      98 |    4753 |     100 |
| 365  |  0  |      18 |      98 |      98 |    4753 |     100 |
| 366  |  0  |      18 |      -2 |      98 |    4753 |     100 |
| 367  |  0  |      18 |      -2 |      98 |    4753 |     100 |
| 368  |  0  |      18 |      -2 |      98 |    4753 |     100 |
| 369  |  0  |      16 |      -2 |      98 |    4753 |     100 |
| 370  |  0  |      16 |      98 |      98 |    4753 |     100 |
| 371  |  0  |      17 |      98 |      98 |    4753 |     100 |
| 372  |  0  |      17 |      98 |      98 |    4851 |     100 |
| 373  |  0  |      16 |      98 |      98 |    4851 |     100 |
| 374  |  0  |      16 |      98 |      99 |    4851 |     100 |
| 375  |  0  |       4 |      98 |      99 |    4851 |     100 |
| 376  |  0  |       4 |      98 |      99 |    4851 |     100 |
| 377  |  0  |      16 |      98 |      99 |    4851 |     100 |
| 378  |  0  |      16 |      99 |      99 |    4851 |     100 |
| 379  |  0  |      18 |      99 |      99 |    4851 |     100 |
| 380  |  0  |      18 |      -1 |      99 |    4851 |     100 |
| 381  |  0  |      18 |      -1 |      99 |    4851 |     100 |
| 382  |  0  |      18 |      -1 |      99 |    4851 |     100 |
| 383  |  0  |      16 |      -1 |      99 |    4851 |     100 |
| 384  |  0  |      16 |      99 |      99 |    4851 |     100 |
| 385  |  0  |      17 |      99 |      99 |    4851 |     100 |
| 386  |  0  |      17 |      99 |      99 |    4950 |     100 |
| 387  |  0  |      16 |      99 |      99 |    4950 |     100 |
| 388  |  0  |      16 |      99 |     100 |    4950 |     100 |
| 389  |  0  |       4 |      99 |     100 |    4950 |     100 |
| 390  |  0  |       4 |      99 |     100 |    4950 |     100 |
| 391  |  0  |      16 |      99 |     100 |    4950 |     100 |
| 392  |  0  |      16 |     100 |     100 |    4950 |     100 |
| 393  |  0  |      18 |     100 |     100 |    4950 |     100 |
| 394  |  0  |      18 |       0 |     100 |    4950 |     100 |
| 395  |  0  |      18 |       0 |     100 |    4950 |     100 |
| 396  |  0  |      18 |       0 |     100 |    4950 |     100 |
| 397  |  0  |      18 |       0 |     100 |    4950 |     100 |
| 398  |  0  |      18 |       0 |     100 |    4950 |     100 |
| 399  |  0  |      18 |       0 |     100 |    4950 |     100 |
| 400  |  0  |      18 |       0 |     100 |    4950 |     100 |
